This file contains any messages produced by compilers while
running configure, to aid debugging if configure makes a mistake.

It was created by g15daemon configure 1.9.5.3, which was
generated by GNU Autoconf 2.61.  Invocation command line was

  $ ./configure --prefix=/usr

## --------- ##
## Platform. ##
## --------- ##

hostname = sauerkraut.site
uname -m = x86_64
uname -r = 3.17.7-300.fc21.x86_64
uname -s = Linux
uname -v = #1 SMP Wed Dec 17 03:08:44 UTC 2014

/usr/bin/uname -p = x86_64
/bin/uname -X     = unknown

/bin/arch              = x86_64
/usr/bin/arch -k       = unknown
/usr/convex/getsysinfo = unknown
/usr/bin/hostinfo      = unknown
/bin/machine           = unknown
/usr/bin/oslevel       = unknown
/bin/universe          = unknown

PATH: /sbin
PATH: /bin
PATH: /usr/sbin
PATH: /usr/bin


## ----------- ##
## Core tests. ##
## ----------- ##

configure:1841: loading site script /usr/share/config.site
| # This is the config.site file to satisfy FHS defaults when installing below
| # /usr.
| #
| # You may override this file by your config.site using the CONFIG_SITE env
| # variable.
| #
| # Note: This file includes also RHEL/Fedora fix for installing libraries into
| # "/lib/lib64" on 64bit systems.
| 
| if test -n "$host"; then
|     # skip when cross-compiling
|     return 0
| fi
| 
| if test "$prefix" = /usr; then
|     test "$sysconfdir" = '${prefix}/etc' && sysconfdir=/etc
|     test "$sharedstatedir" = '${prefix}/com' && sharedstatedir=/var
|     test "$localstatedir" = '${prefix}/var' && localstatedir=/var
| 
|     ARCH=`uname -m`
|     for i in x86_64 ppc64 s390x aarch64; do
|         if test $ARCH = $i; then
|             test "$libdir" = '${exec_prefix}/lib' && libdir='${exec_prefix}/lib64'
|             break
|         fi
|     done
| fi
configure:1983: checking build system type
configure:2001: result: x86_64-unknown-linux-gnu
configure:2023: checking host system type
configure:2038: result: x86_64-unknown-linux-gnu
configure:2060: checking target system type
configure:2075: result: x86_64-unknown-linux-gnu
configure:2119: checking for a BSD-compatible install
configure:2175: result: /bin/install -c
configure:2186: checking whether build environment is sane
configure:2229: result: yes
configure:2257: checking for a thread-safe mkdir -p
configure:2296: result: /bin/mkdir -p
configure:2309: checking for gawk
configure:2325: found /bin/gawk
configure:2336: result: gawk
configure:2347: checking whether make sets $(MAKE)
configure:2368: result: yes
configure:2611: checking for gcc
configure:2627: found /bin/gcc
configure:2638: result: gcc
configure:2876: checking for C compiler version
configure:2883: gcc --version >&5
gcc (GCC) 4.9.2 20141101 (Red Hat 4.9.2-1)
Copyright (C) 2014 Free Software Foundation, Inc.
This is free software; see the source for copying conditions.  There is NO
warranty; not even for MERCHANTABILITY or FITNESS FOR A PARTICULAR PURPOSE.

configure:2886: $? = 0
configure:2893: gcc -v >&5
Using built-in specs.
COLLECT_GCC=gcc
COLLECT_LTO_WRAPPER=/usr/libexec/gcc/x86_64-redhat-linux/4.9.2/lto-wrapper
Target: x86_64-redhat-linux
Configured with: ../configure --prefix=/usr --mandir=/usr/share/man --infodir=/usr/share/info --with-bugurl=http://bugzilla.redhat.com/bugzilla --enable-bootstrap --enable-shared --enable-threads=posix --enable-checking=release --enable-multilib --with-system-zlib --enable-__cxa_atexit --disable-libunwind-exceptions --enable-gnu-unique-object --enable-linker-build-id --with-linker-hash-style=gnu --enable-languages=c,c++,objc,obj-c++,fortran,ada,go,lto --enable-plugin --enable-initfini-array --disable-libgcj --with-isl=/builddir/build/BUILD/gcc-4.9.2-20141101/obj-x86_64-redhat-linux/isl-install --with-cloog=/builddir/build/BUILD/gcc-4.9.2-20141101/obj-x86_64-redhat-linux/cloog-install --enable-gnu-indirect-function --with-tune=generic --with-arch_32=i686 --build=x86_64-redhat-linux
Thread model: posix
gcc version 4.9.2 20141101 (Red Hat 4.9.2-1) (GCC) 
configure:2896: $? = 0
configure:2903: gcc -V >&5
gcc: error: unrecognized command line option '-V'
gcc: fatal error: no input files
compilation terminated.
configure:2906: $? = 4
configure:2929: checking for C compiler default output file name
configure:2956: gcc    conftest.c  >&5
configure:2959: $? = 0
configure:2997: result: a.out
configure:3014: checking whether the C compiler works
configure:3024: ./a.out
configure:3027: $? = 0
configure:3044: result: yes
configure:3051: checking whether we are cross compiling
configure:3053: result: no
configure:3056: checking for suffix of executables
configure:3063: gcc -o conftest    conftest.c  >&5
configure:3066: $? = 0
configure:3090: result: 
configure:3096: checking for suffix of object files
configure:3122: gcc -c   conftest.c >&5
configure:3125: $? = 0
configure:3148: result: o
configure:3152: checking whether we are using the GNU C compiler
configure:3181: gcc -c   conftest.c >&5
configure:3187: $? = 0
configure:3204: result: yes
configure:3209: checking whether gcc accepts -g
configure:3239: gcc -c -g  conftest.c >&5
configure:3245: $? = 0
configure:3344: result: yes
configure:3361: checking for gcc option to accept ISO C89
configure:3435: gcc  -c -g -O2  conftest.c >&5
configure:3441: $? = 0
configure:3464: result: none needed
configure:3493: checking for style of include used by make
configure:3521: result: GNU
configure:3546: checking dependency style of gcc
configure:3637: result: gcc3
configure:3724: checking for a sed that does not truncate output
configure:3780: result: /bin/sed
configure:3783: checking for grep that handles long lines and -e
configure:3857: result: /bin/grep
configure:3862: checking for egrep
configure:3940: result: /bin/grep -E
configure:3956: checking for ld used by gcc
configure:4023: result: /bin/ld
configure:4032: checking if the linker (/bin/ld) is GNU ld
configure:4047: result: yes
configure:4052: checking for /bin/ld option to reload object files
configure:4059: result: -r
configure:4077: checking for BSD-compatible nm
configure:4126: result: /bin/nm -B
configure:4130: checking whether ln -s works
configure:4134: result: yes
configure:4141: checking how to recognize dependent libraries
configure:4327: result: pass_all
configure:4416: gcc -c -g -O2  conftest.c >&5
configure:4419: $? = 0
configure:4568: checking how to run the C preprocessor
configure:4608: gcc -E  conftest.c
configure:4614: $? = 0
configure:4645: gcc -E  conftest.c
conftest.c:10:28: fatal error: ac_nonexistent.h: No such file or directory
 #include <ac_nonexistent.h>
                            ^
compilation terminated.
configure:4651: $? = 1
configure: failed program was:
| /* confdefs.h.  */
| #define PACKAGE_NAME "g15daemon"
| #define PACKAGE_TARNAME "g15daemon"
| #define PACKAGE_VERSION "1.9.5.3"
| #define PACKAGE_STRING "g15daemon 1.9.5.3"
| #define PACKAGE_BUGREPORT "mlampard@users.sf.net"
| #define PACKAGE "g15daemon"
| #define VERSION "1.9.5.3"
| /* end confdefs.h.  */
| #include <ac_nonexistent.h>
configure:4684: result: gcc -E
configure:4713: gcc -E  conftest.c
configure:4719: $? = 0
configure:4750: gcc -E  conftest.c
conftest.c:10:28: fatal error: ac_nonexistent.h: No such file or directory
 #include <ac_nonexistent.h>
                            ^
compilation terminated.
configure:4756: $? = 1
configure: failed program was:
| /* confdefs.h.  */
| #define PACKAGE_NAME "g15daemon"
| #define PACKAGE_TARNAME "g15daemon"
| #define PACKAGE_VERSION "1.9.5.3"
| #define PACKAGE_STRING "g15daemon 1.9.5.3"
| #define PACKAGE_BUGREPORT "mlampard@users.sf.net"
| #define PACKAGE "g15daemon"
| #define VERSION "1.9.5.3"
| /* end confdefs.h.  */
| #include <ac_nonexistent.h>
configure:4794: checking for ANSI C header files
configure:4824: gcc -c -g -O2  conftest.c >&5
configure:4830: $? = 0
configure:4929: gcc -o conftest -g -O2   conftest.c  >&5
configure:4932: $? = 0
configure:4938: ./conftest
configure:4941: $? = 0
configure:4958: result: yes
configure:4982: checking for sys/types.h
configure:5003: gcc -c -g -O2  conftest.c >&5
configure:5009: $? = 0
configure:5025: result: yes
configure:4982: checking for sys/stat.h
configure:5003: gcc -c -g -O2  conftest.c >&5
configure:5009: $? = 0
configure:5025: result: yes
configure:4982: checking for stdlib.h
configure:5003: gcc -c -g -O2  conftest.c >&5
configure:5009: $? = 0
configure:5025: result: yes
configure:4982: checking for string.h
configure:5003: gcc -c -g -O2  conftest.c >&5
configure:5009: $? = 0
configure:5025: result: yes
configure:4982: checking for memory.h
configure:5003: gcc -c -g -O2  conftest.c >&5
configure:5009: $? = 0
configure:5025: result: yes
configure:4982: checking for strings.h
configure:5003: gcc -c -g -O2  conftest.c >&5
configure:5009: $? = 0
configure:5025: result: yes
configure:4982: checking for inttypes.h
configure:5003: gcc -c -g -O2  conftest.c >&5
configure:5009: $? = 0
configure:5025: result: yes
configure:4982: checking for stdint.h
configure:5003: gcc -c -g -O2  conftest.c >&5
configure:5009: $? = 0
configure:5025: result: yes
configure:4982: checking for unistd.h
configure:5003: gcc -c -g -O2  conftest.c >&5
configure:5009: $? = 0
configure:5025: result: yes
configure:5052: checking dlfcn.h usability
configure:5069: gcc -c -g -O2  conftest.c >&5
configure:5075: $? = 0
configure:5089: result: yes
configure:5093: checking dlfcn.h presence
configure:5108: gcc -E  conftest.c
configure:5114: $? = 0
configure:5128: result: yes
configure:5161: checking for dlfcn.h
configure:5169: result: yes
configure:5240: checking for g++
configure:5270: result: no
configure:5240: checking for c++
configure:5270: result: no
configure:5240: checking for gpp
configure:5270: result: no
configure:5240: checking for aCC
configure:5270: result: no
configure:5240: checking for CC
configure:5270: result: no
configure:5240: checking for cxx
configure:5270: result: no
configure:5240: checking for cc++
configure:5270: result: no
configure:5240: checking for cl.exe
configure:5270: result: no
configure:5240: checking for FCC
configure:5270: result: no
configure:5240: checking for KCC
configure:5270: result: no
configure:5240: checking for RCC
configure:5270: result: no
configure:5240: checking for xlC_r
configure:5270: result: no
configure:5240: checking for xlC
configure:5270: result: no
configure:5298: checking for C++ compiler version
configure:5305: g++ --version >&5
./configure: line 5306: g++: command not found
configure:5308: $? = 127
configure:5315: g++ -v >&5
./configure: line 5316: g++: command not found
configure:5318: $? = 127
configure:5325: g++ -V >&5
./configure: line 5326: g++: command not found
configure:5328: $? = 127
configure:5331: checking whether we are using the GNU C++ compiler
configure:5360: g++ -c   conftest.cpp >&5
./configure: line 5361: g++: command not found
configure:5366: $? = 127
configure: failed program was:
| /* confdefs.h.  */
| #define PACKAGE_NAME "g15daemon"
| #define PACKAGE_TARNAME "g15daemon"
| #define PACKAGE_VERSION "1.9.5.3"
| #define PACKAGE_STRING "g15daemon 1.9.5.3"
| #define PACKAGE_BUGREPORT "mlampard@users.sf.net"
| #define PACKAGE "g15daemon"
| #define VERSION "1.9.5.3"
| #define STDC_HEADERS 1
| #define HAVE_SYS_TYPES_H 1
| #define HAVE_SYS_STAT_H 1
| #define HAVE_STDLIB_H 1
| #define HAVE_STRING_H 1
| #define HAVE_MEMORY_H 1
| #define HAVE_STRINGS_H 1
| #define HAVE_INTTYPES_H 1
| #define HAVE_STDINT_H 1
| #define HAVE_UNISTD_H 1
| #define HAVE_DLFCN_H 1
| /* end confdefs.h.  */
| 
| int
| main ()
| {
| #ifndef __GNUC__
|        choke me
| #endif
| 
|   ;
|   return 0;
| }
configure:5383: result: no
configure:5388: checking whether g++ accepts -g
configure:5418: g++ -c -g  conftest.cpp >&5
./configure: line 5419: g++: command not found
configure:5424: $? = 127
configure: failed program was:
| /* confdefs.h.  */
| #define PACKAGE_NAME "g15daemon"
| #define PACKAGE_TARNAME "g15daemon"
| #define PACKAGE_VERSION "1.9.5.3"
| #define PACKAGE_STRING "g15daemon 1.9.5.3"
| #define PACKAGE_BUGREPORT "mlampard@users.sf.net"
| #define PACKAGE "g15daemon"
| #define VERSION "1.9.5.3"
| #define STDC_HEADERS 1
| #define HAVE_SYS_TYPES_H 1
| #define HAVE_SYS_STAT_H 1
| #define HAVE_STDLIB_H 1
| #define HAVE_STRING_H 1
| #define HAVE_MEMORY_H 1
| #define HAVE_STRINGS_H 1
| #define HAVE_INTTYPES_H 1
| #define HAVE_STDINT_H 1
| #define HAVE_UNISTD_H 1
| #define HAVE_DLFCN_H 1
| /* end confdefs.h.  */
| 
| int
| main ()
| {
| 
|   ;
|   return 0;
| }
configure:5456: g++ -c   conftest.cpp >&5
./configure: line 5457: g++: command not found
configure:5462: $? = 127
configure: failed program was:
| /* confdefs.h.  */
| #define PACKAGE_NAME "g15daemon"
| #define PACKAGE_TARNAME "g15daemon"
| #define PACKAGE_VERSION "1.9.5.3"
| #define PACKAGE_STRING "g15daemon 1.9.5.3"
| #define PACKAGE_BUGREPORT "mlampard@users.sf.net"
| #define PACKAGE "g15daemon"
| #define VERSION "1.9.5.3"
| #define STDC_HEADERS 1
| #define HAVE_SYS_TYPES_H 1
| #define HAVE_SYS_STAT_H 1
| #define HAVE_STDLIB_H 1
| #define HAVE_STRING_H 1
| #define HAVE_MEMORY_H 1
| #define HAVE_STRINGS_H 1
| #define HAVE_INTTYPES_H 1
| #define HAVE_STDINT_H 1
| #define HAVE_UNISTD_H 1
| #define HAVE_DLFCN_H 1
| /* end confdefs.h.  */
| 
| int
| main ()
| {
| 
|   ;
|   return 0;
| }
configure:5495: g++ -c -g  conftest.cpp >&5
./configure: line 5496: g++: command not found
configure:5501: $? = 127
configure: failed program was:
| /* confdefs.h.  */
| #define PACKAGE_NAME "g15daemon"
| #define PACKAGE_TARNAME "g15daemon"
| #define PACKAGE_VERSION "1.9.5.3"
| #define PACKAGE_STRING "g15daemon 1.9.5.3"
| #define PACKAGE_BUGREPORT "mlampard@users.sf.net"
| #define PACKAGE "g15daemon"
| #define VERSION "1.9.5.3"
| #define STDC_HEADERS 1
| #define HAVE_SYS_TYPES_H 1
| #define HAVE_SYS_STAT_H 1
| #define HAVE_STDLIB_H 1
| #define HAVE_STRING_H 1
| #define HAVE_MEMORY_H 1
| #define HAVE_STRINGS_H 1
| #define HAVE_INTTYPES_H 1
| #define HAVE_STDINT_H 1
| #define HAVE_UNISTD_H 1
| #define HAVE_DLFCN_H 1
| /* end confdefs.h.  */
| 
| int
| main ()
| {
| 
|   ;
|   return 0;
| }
configure:5523: result: no
configure:5548: checking dependency style of g++
configure:5639: result: none
configure:5941: checking for g77
configure:5971: result: no
configure:5941: checking for xlf
configure:5971: result: no
configure:5941: checking for f77
configure:5971: result: no
configure:5941: checking for frt
configure:5971: result: no
configure:5941: checking for pgf77
configure:5971: result: no
configure:5941: checking for cf77
configure:5971: result: no
configure:5941: checking for fort77
configure:5971: result: no
configure:5941: checking for fl32
configure:5971: result: no
configure:5941: checking for af77
configure:5971: result: no
configure:5941: checking for xlf90
configure:5971: result: no
configure:5941: checking for f90
configure:5971: result: no
configure:5941: checking for pgf90
configure:5971: result: no
configure:5941: checking for pghpf
configure:5971: result: no
configure:5941: checking for epcf90
configure:5971: result: no
configure:5941: checking for gfortran
configure:5971: result: no
configure:5941: checking for g95
configure:5971: result: no
configure:5941: checking for xlf95
configure:5971: result: no
configure:5941: checking for f95
configure:5971: result: no
configure:5941: checking for fort
configure:5971: result: no
configure:5941: checking for ifort
configure:5971: result: no
configure:5941: checking for ifc
configure:5971: result: no
configure:5941: checking for efc
configure:5971: result: no
configure:5941: checking for pgf95
configure:5971: result: no
configure:5941: checking for lf95
configure:5971: result: no
configure:5941: checking for ftn
configure:5971: result: no
configure:5998: checking for Fortran 77 compiler version
configure:6005:  --version >&5
./configure: line 6006: --version: command not found
configure:6008: $? = 127
configure:6015:  -v >&5
./configure: line 6016: -v: command not found
configure:6018: $? = 127
configure:6025:  -V >&5
./configure: line 6026: -V: command not found
configure:6028: $? = 127
configure:6036: checking whether we are using the GNU Fortran 77 compiler
configure:6055:  -c  conftest.F >&5
./configure: line 6056: -c: command not found
configure:6061: $? = 127
configure: failed program was:
|       program main
| #ifndef __GNUC__
|        choke me
| #endif
| 
|       end
configure:6078: result: no
configure:6084: checking whether  accepts -g
configure:6101:  -c -g conftest.f >&5
./configure: line 6102: -c: command not found
configure:6107: $? = 127
configure: failed program was:
|       program main
| 
|       end
configure:6123: result: no
configure:6153: checking the maximum length of command line arguments
configure:6265: result: 1572864
configure:6277: checking command to parse /bin/nm -B output from gcc object
configure:6382: gcc -c -g -O2  conftest.c >&5
configure:6385: $? = 0
configure:6389: /bin/nm -B conftest.o \| sed -n -e 's/^.*[ 	]\([ABCDGIRSTW][ABCDGIRSTW]*\)[ 	][ 	]*\([_A-Za-z][_A-Za-z0-9]*\)$/\1 \2 \2/p' \> conftest.nm
configure:6392: $? = 0
configure:6444: gcc -o conftest -g -O2   conftest.c conftstm.o >&5
configure:6447: $? = 0
configure:6485: result: ok
configure:6489: checking for objdir
configure:6504: result: .libs
configure:6596: checking for ar
configure:6612: found /bin/ar
configure:6623: result: ar
configure:6692: checking for ranlib
configure:6708: found /bin/ranlib
configure:6719: result: ranlib
configure:6788: checking for strip
configure:6804: found /bin/strip
configure:6815: result: strip
configure:7101: checking if gcc supports -fno-rtti -fno-exceptions
configure:7119: gcc -c -g -O2  -fno-rtti -fno-exceptions conftest.c >&5
cc1: warning: command line option '-fno-rtti' is valid for C++/ObjC++ but not for C
configure:7123: $? = 0
configure:7136: result: no
configure:7151: checking for gcc option to produce PIC
configure:7383: result: -fPIC
configure:7391: checking if gcc PIC flag -fPIC works
configure:7409: gcc -c -g -O2  -fPIC -DPIC conftest.c >&5
configure:7413: $? = 0
configure:7426: result: yes
configure:7454: checking if gcc static flag -static works
configure:7482: result: no
configure:7492: checking if gcc supports -c -o file.o
configure:7513: gcc -c -g -O2  -o out/conftest2.o conftest.c >&5
configure:7517: $? = 0
configure:7539: result: yes
configure:7565: checking whether the gcc linker (/bin/ld -m elf_x86_64) supports shared libraries
configure:8545: result: yes
configure:8566: checking whether -lc should be explicitly linked in
configure:8571: gcc -c -g -O2  conftest.c >&5
configure:8574: $? = 0
configure:8589: gcc -shared conftest.o  -v -Wl,-soname -Wl,conftest -o conftest 2\>\&1 \| grep  -lc  \>/dev/null 2\>\&1
configure:8592: $? = 0
configure:8604: result: no
configure:8612: checking dynamic linker characteristics
configure:9027: gcc -c -g -O2  conftest.c >&5
configure:9030: $? = 0
configure:9235: result: GNU/Linux ld.so
configure:9244: checking how to hardcode library paths into programs
configure:9269: result: immediate
configure:9283: checking whether stripping libraries is possible
configure:9288: result: yes
configure:9412: checking for shl_load
configure:9468: gcc -o conftest -g -O2   conftest.c  >&5
/tmp/ccDGUxRb.o: In function `main':
/home/berendt/Downloads/g15daemon-1.9.5.3/conftest.c:55: undefined reference to `shl_load'
collect2: error: ld returned 1 exit status
configure:9474: $? = 1
configure: failed program was:
| /* confdefs.h.  */
| #define PACKAGE_NAME "g15daemon"
| #define PACKAGE_TARNAME "g15daemon"
| #define PACKAGE_VERSION "1.9.5.3"
| #define PACKAGE_STRING "g15daemon 1.9.5.3"
| #define PACKAGE_BUGREPORT "mlampard@users.sf.net"
| #define PACKAGE "g15daemon"
| #define VERSION "1.9.5.3"
| #define STDC_HEADERS 1
| #define HAVE_SYS_TYPES_H 1
| #define HAVE_SYS_STAT_H 1
| #define HAVE_STDLIB_H 1
| #define HAVE_STRING_H 1
| #define HAVE_MEMORY_H 1
| #define HAVE_STRINGS_H 1
| #define HAVE_INTTYPES_H 1
| #define HAVE_STDINT_H 1
| #define HAVE_UNISTD_H 1
| #define HAVE_DLFCN_H 1
| /* end confdefs.h.  */
| /* Define shl_load to an innocuous variant, in case <limits.h> declares shl_load.
|    For example, HP-UX 11i <limits.h> declares gettimeofday.  */
| #define shl_load innocuous_shl_load
| 
| /* System header to define __stub macros and hopefully few prototypes,
|     which can conflict with char shl_load (); below.
|     Prefer <limits.h> to <assert.h> if __STDC__ is defined, since
|     <limits.h> exists even on freestanding compilers.  */
| 
| #ifdef __STDC__
| # include <limits.h>
| #else
| # include <assert.h>
| #endif
| 
| #undef shl_load
| 
| /* Override any GCC internal prototype to avoid an error.
|    Use char because int might match the return type of a GCC
|    builtin and then its argument prototype would still apply.  */
| #ifdef __cplusplus
| extern "C"
| #endif
| char shl_load ();
| /* The GNU C library defines this for functions which it implements
|     to always fail with ENOSYS.  Some functions are actually named
|     something starting with __ and the normal name is an alias.  */
| #if defined __stub_shl_load || defined __stub___shl_load
| choke me
| #endif
| 
| int
| main ()
| {
| return shl_load ();
|   ;
|   return 0;
| }
configure:9491: result: no
configure:9496: checking for shl_load in -ldld
configure:9531: gcc -o conftest -g -O2   conftest.c -ldld   >&5
/bin/ld: cannot find -ldld
collect2: error: ld returned 1 exit status
configure:9537: $? = 1
configure: failed program was:
| /* confdefs.h.  */
| #define PACKAGE_NAME "g15daemon"
| #define PACKAGE_TARNAME "g15daemon"
| #define PACKAGE_VERSION "1.9.5.3"
| #define PACKAGE_STRING "g15daemon 1.9.5.3"
| #define PACKAGE_BUGREPORT "mlampard@users.sf.net"
| #define PACKAGE "g15daemon"
| #define VERSION "1.9.5.3"
| #define STDC_HEADERS 1
| #define HAVE_SYS_TYPES_H 1
| #define HAVE_SYS_STAT_H 1
| #define HAVE_STDLIB_H 1
| #define HAVE_STRING_H 1
| #define HAVE_MEMORY_H 1
| #define HAVE_STRINGS_H 1
| #define HAVE_INTTYPES_H 1
| #define HAVE_STDINT_H 1
| #define HAVE_UNISTD_H 1
| #define HAVE_DLFCN_H 1
| /* end confdefs.h.  */
| 
| /* Override any GCC internal prototype to avoid an error.
|    Use char because int might match the return type of a GCC
|    builtin and then its argument prototype would still apply.  */
| #ifdef __cplusplus
| extern "C"
| #endif
| char shl_load ();
| int
| main ()
| {
| return shl_load ();
|   ;
|   return 0;
| }
configure:9555: result: no
configure:9560: checking for dlopen
configure:9616: gcc -o conftest -g -O2   conftest.c  >&5
/tmp/ccMvGrLj.o: In function `main':
/home/berendt/Downloads/g15daemon-1.9.5.3/conftest.c:55: undefined reference to `dlopen'
collect2: error: ld returned 1 exit status
configure:9622: $? = 1
configure: failed program was:
| /* confdefs.h.  */
| #define PACKAGE_NAME "g15daemon"
| #define PACKAGE_TARNAME "g15daemon"
| #define PACKAGE_VERSION "1.9.5.3"
| #define PACKAGE_STRING "g15daemon 1.9.5.3"
| #define PACKAGE_BUGREPORT "mlampard@users.sf.net"
| #define PACKAGE "g15daemon"
| #define VERSION "1.9.5.3"
| #define STDC_HEADERS 1
| #define HAVE_SYS_TYPES_H 1
| #define HAVE_SYS_STAT_H 1
| #define HAVE_STDLIB_H 1
| #define HAVE_STRING_H 1
| #define HAVE_MEMORY_H 1
| #define HAVE_STRINGS_H 1
| #define HAVE_INTTYPES_H 1
| #define HAVE_STDINT_H 1
| #define HAVE_UNISTD_H 1
| #define HAVE_DLFCN_H 1
| /* end confdefs.h.  */
| /* Define dlopen to an innocuous variant, in case <limits.h> declares dlopen.
|    For example, HP-UX 11i <limits.h> declares gettimeofday.  */
| #define dlopen innocuous_dlopen
| 
| /* System header to define __stub macros and hopefully few prototypes,
|     which can conflict with char dlopen (); below.
|     Prefer <limits.h> to <assert.h> if __STDC__ is defined, since
|     <limits.h> exists even on freestanding compilers.  */
| 
| #ifdef __STDC__
| # include <limits.h>
| #else
| # include <assert.h>
| #endif
| 
| #undef dlopen
| 
| /* Override any GCC internal prototype to avoid an error.
|    Use char because int might match the return type of a GCC
|    builtin and then its argument prototype would still apply.  */
| #ifdef __cplusplus
| extern "C"
| #endif
| char dlopen ();
| /* The GNU C library defines this for functions which it implements
|     to always fail with ENOSYS.  Some functions are actually named
|     something starting with __ and the normal name is an alias.  */
| #if defined __stub_dlopen || defined __stub___dlopen
| choke me
| #endif
| 
| int
| main ()
| {
| return dlopen ();
|   ;
|   return 0;
| }
configure:9639: result: no
configure:9644: checking for dlopen in -ldl
configure:9679: gcc -o conftest -g -O2   conftest.c -ldl   >&5
configure:9685: $? = 0
configure:9703: result: yes
configure:9872: checking whether a program can dlopen itself
configure:9946: gcc -o conftest -g -O2  -DHAVE_DLFCN_H  -Wl,--export-dynamic conftest.c -ldl  >&5
configure: In function 'main':
configure:9942:5: warning: incompatible implicit declaration of built-in function 'exit'
 
     ^
configure:9949: $? = 0
configure:9967: result: yes
configure:9972: checking whether a statically linked program can dlopen itself
configure:10046: gcc -o conftest -g -O2  -DHAVE_DLFCN_H  -Wl,--export-dynamic  conftest.c -ldl  >&5
configure: In function 'main':
configure:10042:5: warning: incompatible implicit declaration of built-in function 'exit'
 
     ^
configure:10049: $? = 0
configure:10067: result: yes
configure:10090: checking if libtool supports shared libraries
configure:10092: result: yes
configure:10095: checking whether to build shared libraries
configure:10116: result: yes
configure:10119: checking whether to build static libraries
configure:10123: result: yes
configure:10216: creating libtool
configure:19488: checking for initLibG15 in -lg15
configure:19523: gcc -o conftest -g -O2   conftest.c -lg15   >&5
configure:19529: $? = 0
configure:19547: result: yes
configure:19563: checking for g15r_loadWbmpSplash in -lg15render
configure:19598: gcc -o conftest -g -O2   conftest.c -lg15render  -lg15  >&5
configure:19604: $? = 0
configure:19622: result: yes
configure:19638: checking for sin in -lm
configure:19673: gcc -o conftest -g -O2   conftest.c -lm  -lg15render -lg15  >&5
conftest.c:30:6: warning: conflicting types for built-in function 'sin'
 char sin ();
      ^
configure:19679: $? = 0
configure:19697: result: yes
configure:19709: checking for pthread_mutex_init in -lpthread
configure:19744: gcc -o conftest -g -O2   conftest.c -lpthread  -lm -lg15render -lg15  >&5
configure:19750: $? = 0
configure:19768: result: yes
configure:19780: checking for daemon
configure:19836: gcc -o conftest -g -O2   conftest.c -lpthread -lm -lg15render -lg15  >&5
configure:19842: $? = 0
configure:19859: result: yes
configure:19871: checking for an ANSI C-conforming const
configure:19946: gcc -c -g -O2  conftest.c >&5
configure:19952: $? = 0
configure:19967: result: yes
configure:19977: checking for pid_t
configure:20007: gcc -c -g -O2  conftest.c >&5
configure:20013: $? = 0
configure:20028: result: yes
configure:20040: checking for size_t
configure:20070: gcc -c -g -O2  conftest.c >&5
configure:20076: $? = 0
configure:20091: result: yes
configure:20106: checking whether gcc needs -traditional
configure:20148: result: no
configure:20171: checking sys/select.h usability
configure:20188: gcc -c -g -O2  conftest.c >&5
configure:20194: $? = 0
configure:20208: result: yes
configure:20212: checking sys/select.h presence
configure:20227: gcc -E  conftest.c
configure:20233: $? = 0
configure:20247: result: yes
configure:20280: checking for sys/select.h
configure:20288: result: yes
configure:20171: checking sys/socket.h usability
configure:20188: gcc -c -g -O2  conftest.c >&5
configure:20194: $? = 0
configure:20208: result: yes
configure:20212: checking sys/socket.h presence
configure:20227: gcc -E  conftest.c
configure:20233: $? = 0
configure:20247: result: yes
configure:20280: checking for sys/socket.h
configure:20288: result: yes
configure:20301: checking types of arguments for select
configure:20339: gcc -c -g -O2  conftest.c >&5
configure:20345: $? = 0
configure:20366: result: int,fd_set *,struct timeval *
configure:20393: checking for strftime
configure:20449: gcc -o conftest -g -O2   conftest.c -lpthread -lm -lg15render -lg15  >&5
conftest.c:54:6: warning: conflicting types for built-in function 'strftime'
 char strftime ();
      ^
configure:20455: $? = 0
configure:20473: result: yes
configure:20563: checking for memset
configure:20619: gcc -o conftest -g -O2   conftest.c -lpthread -lm -lg15render -lg15  >&5
conftest.c:55:6: warning: conflicting types for built-in function 'memset'
 char memset ();
      ^
configure:20625: $? = 0
configure:20643: result: yes
configure:20563: checking for select
configure:20619: gcc -o conftest -g -O2   conftest.c -lpthread -lm -lg15render -lg15  >&5
configure:20625: $? = 0
configure:20643: result: yes
configure:20563: checking for socket
configure:20619: gcc -o conftest -g -O2   conftest.c -lpthread -lm -lg15render -lg15  >&5
configure:20625: $? = 0
configure:20643: result: yes
configure:20563: checking for strerror
configure:20619: gcc -o conftest -g -O2   conftest.c -lpthread -lm -lg15render -lg15  >&5
configure:20625: $? = 0
configure:20643: result: yes
configure:20563: checking for backtrace
configure:20619: gcc -o conftest -g -O2   conftest.c -lpthread -lm -lg15render -lg15  >&5
configure:20625: $? = 0
configure:20643: result: yes
configure:20563: checking for backtrace_symbols
configure:20619: gcc -o conftest -g -O2   conftest.c -lpthread -lm -lg15render -lg15  >&5
configure:20625: $? = 0
configure:20643: result: yes
configure:20655: checking for ANSI C header files
configure:20819: result: yes
configure:20829: checking for sys/wait.h that is POSIX.1 compatible
configure:20865: gcc -c -g -O2  conftest.c >&5
configure:20871: $? = 0
configure:20886: result: yes
configure:20911: checking linux/input.h usability
configure:20928: gcc -c -g -O2  conftest.c >&5
configure:20934: $? = 0
configure:20948: result: yes
configure:20952: checking linux/input.h presence
configure:20967: gcc -E  conftest.c
configure:20973: $? = 0
configure:20987: result: yes
configure:21020: checking for linux/input.h
configure:21028: result: yes
configure:21056: checking execinfo.h usability
configure:21073: gcc -c -g -O2  conftest.c >&5
configure:21079: $? = 0
configure:21093: result: yes
configure:21097: checking execinfo.h presence
configure:21112: gcc -E  conftest.c
configure:21118: $? = 0
configure:21132: result: yes
configure:21165: checking for execinfo.h
configure:21173: result: yes
configure:21201: checking linux/uinput.h usability
configure:21218: gcc -c -g -O2  conftest.c >&5
configure:21224: $? = 0
configure:21238: result: yes
configure:21242: checking linux/uinput.h presence
configure:21257: gcc -E  conftest.c
configure:21263: $? = 0
configure:21277: result: yes
configure:21310: checking for linux/uinput.h
configure:21318: result: yes
configure:21343: checking for arpa/inet.h
configure:21367: gcc -c -g -O2  conftest.c >&5
configure:21373: $? = 0
configure:21389: result: yes
configure:21343: checking for fcntl.h
configure:21367: gcc -c -g -O2  conftest.c >&5
configure:21373: $? = 0
configure:21389: result: yes
configure:21343: checking for stdlib.h
configure:21389: result: yes
configure:21343: checking for string.h
configure:21389: result: yes
configure:21343: checking for sys/socket.h
configure:21389: result: yes
configure:21343: checking for unistd.h
configure:21389: result: yes
configure:21343: checking for libg15.h
configure:21367: gcc -c -g -O2  conftest.c >&5
configure:21373: $? = 0
configure:21389: result: yes
configure:21410: checking for struct uinput_user_dev.id
configure:21443: gcc -c -g -O2  conftest.c >&5
conftest.c: In function 'main':
conftest.c:60:5: error: used struct type value where scalar is required
 if (ac_aggr.id)
     ^
configure:21449: $? = 1
configure: failed program was:
| /* confdefs.h.  */
| #define PACKAGE_NAME "g15daemon"
| #define PACKAGE_TARNAME "g15daemon"
| #define PACKAGE_VERSION "1.9.5.3"
| #define PACKAGE_STRING "g15daemon 1.9.5.3"
| #define PACKAGE_BUGREPORT "mlampard@users.sf.net"
| #define PACKAGE "g15daemon"
| #define VERSION "1.9.5.3"
| #define STDC_HEADERS 1
| #define HAVE_SYS_TYPES_H 1
| #define HAVE_SYS_STAT_H 1
| #define HAVE_STDLIB_H 1
| #define HAVE_STRING_H 1
| #define HAVE_MEMORY_H 1
| #define HAVE_STRINGS_H 1
| #define HAVE_INTTYPES_H 1
| #define HAVE_STDINT_H 1
| #define HAVE_UNISTD_H 1
| #define HAVE_DLFCN_H 1
| #define HAVE_LIBG15 1
| #define HAVE_LIBG15RENDER 1
| #define HAVE_LIBM 1
| #define HAVE_LIBPTHREAD 1
| #define HAVE_DAEMON 1
| #define HAVE_SYS_SELECT_H 1
| #define HAVE_SYS_SOCKET_H 1
| #define SELECT_TYPE_ARG1 int
| #define SELECT_TYPE_ARG234 (fd_set *)
| #define SELECT_TYPE_ARG5 (struct timeval *)
| #define HAVE_STRFTIME 1
| #define HAVE_MEMSET 1
| #define HAVE_SELECT 1
| #define HAVE_SOCKET 1
| #define HAVE_STRERROR 1
| #define HAVE_BACKTRACE 1
| #define HAVE_BACKTRACE_SYMBOLS 1
| #define STDC_HEADERS 1
| #define HAVE_SYS_WAIT_H 1
| #define HAVE_LINUX_INPUT_H 1
| #define HAVE_EXECINFO_H 1
| #define HAVE_LINUX_UINPUT_H 1
| #define HAVE_ARPA_INET_H 1
| #define HAVE_FCNTL_H 1
| #define HAVE_STDLIB_H 1
| #define HAVE_STRING_H 1
| #define HAVE_SYS_SOCKET_H 1
| #define HAVE_UNISTD_H 1
| #define HAVE_LIBG15_H 1
| /* end confdefs.h.  */
| 
| 			#include <linux/input.h>
| 			#include <linux/uinput.h>
| 
| 
| 
| int
| main ()
| {
| static struct uinput_user_dev ac_aggr;
| if (ac_aggr.id)
| return 0;
|   ;
|   return 0;
| }
configure:21487: gcc -c -g -O2  conftest.c >&5
configure:21493: $? = 0
configure:21511: result: yes
configure:21522: Necessary includes exist: Compiling Uinput Plugin
configure:21543: OS is Linux, using uinput if available
configure:22106: creating ./config.status

## ---------------------- ##
## Running config.status. ##
## ---------------------- ##

This file was extended by g15daemon config.status 1.9.5.3, which was
generated by GNU Autoconf 2.61.  Invocation command line was

  CONFIG_FILES    = 
  CONFIG_HEADERS  = 
  CONFIG_LINKS    = 
  CONFIG_COMMANDS = 
  $ ./config.status 

on sauerkraut.site

config.status:675: creating Makefile
config.status:675: creating g15daemon/Makefile
config.status:675: creating libg15daemon_client/Makefile
config.status:675: creating plugins/Makefile
config.status:675: creating config.h
config.status:991: executing depfiles commands

## ---------------- ##
## Cache variables. ##
## ---------------- ##

ac_cv_build=x86_64-unknown-linux-gnu
ac_cv_c_compiler_gnu=yes
ac_cv_c_const=yes
ac_cv_cxx_compiler_gnu=no
ac_cv_env_CCC_set=
ac_cv_env_CCC_value=
ac_cv_env_CC_set=
ac_cv_env_CC_value=
ac_cv_env_CFLAGS_set=
ac_cv_env_CFLAGS_value=
ac_cv_env_CPPFLAGS_set=
ac_cv_env_CPPFLAGS_value=
ac_cv_env_CPP_set=
ac_cv_env_CPP_value=
ac_cv_env_CXXCPP_set=
ac_cv_env_CXXCPP_value=
ac_cv_env_CXXFLAGS_set=
ac_cv_env_CXXFLAGS_value=
ac_cv_env_CXX_set=
ac_cv_env_CXX_value=
ac_cv_env_F77_set=
ac_cv_env_F77_value=
ac_cv_env_FFLAGS_set=
ac_cv_env_FFLAGS_value=
ac_cv_env_LDFLAGS_set=
ac_cv_env_LDFLAGS_value=
ac_cv_env_LIBS_set=
ac_cv_env_LIBS_value=
ac_cv_env_build_alias_set=
ac_cv_env_build_alias_value=
ac_cv_env_host_alias_set=
ac_cv_env_host_alias_value=
ac_cv_env_target_alias_set=
ac_cv_env_target_alias_value=
ac_cv_f77_compiler_gnu=no
ac_cv_func_backtrace=yes
ac_cv_func_backtrace_symbols=yes
ac_cv_func_daemon=yes
ac_cv_func_dlopen=no
ac_cv_func_memset=yes
ac_cv_func_select=yes
ac_cv_func_select_args='int,fd_set *,struct timeval *'
ac_cv_func_shl_load=no
ac_cv_func_socket=yes
ac_cv_func_strerror=yes
ac_cv_func_strftime=yes
ac_cv_header_arpa_inet_h=yes
ac_cv_header_dlfcn_h=yes
ac_cv_header_execinfo_h=yes
ac_cv_header_fcntl_h=yes
ac_cv_header_inttypes_h=yes
ac_cv_header_libg15_h=yes
ac_cv_header_linux_input_h=yes
ac_cv_header_linux_uinput_h=yes
ac_cv_header_memory_h=yes
ac_cv_header_stdc=yes
ac_cv_header_stdint_h=yes
ac_cv_header_stdlib_h=yes
ac_cv_header_string_h=yes
ac_cv_header_strings_h=yes
ac_cv_header_sys_select_h=yes
ac_cv_header_sys_socket_h=yes
ac_cv_header_sys_stat_h=yes
ac_cv_header_sys_types_h=yes
ac_cv_header_sys_wait_h=yes
ac_cv_header_unistd_h=yes
ac_cv_host=x86_64-unknown-linux-gnu
ac_cv_lib_dl_dlopen=yes
ac_cv_lib_dld_shl_load=no
ac_cv_lib_g15_initLibG15=yes
ac_cv_lib_g15render_g15r_loadWbmpSplash=yes
ac_cv_lib_m_sin=yes
ac_cv_lib_pthread_pthread_mutex_init=yes
ac_cv_member_struct_uinput_user_dev_id=yes
ac_cv_objext=o
ac_cv_path_EGREP='/bin/grep -E'
ac_cv_path_GREP=/bin/grep
ac_cv_path_install='/bin/install -c'
ac_cv_path_mkdir=/bin/mkdir
ac_cv_prog_AWK=gawk
ac_cv_prog_CPP='gcc -E'
ac_cv_prog_ac_ct_AR=ar
ac_cv_prog_ac_ct_CC=gcc
ac_cv_prog_ac_ct_RANLIB=ranlib
ac_cv_prog_ac_ct_STRIP=strip
ac_cv_prog_cc_c89=
ac_cv_prog_cc_g=yes
ac_cv_prog_cxx_g=no
ac_cv_prog_f77_g=no
ac_cv_prog_gcc_traditional=no
ac_cv_prog_make_make_set=yes
ac_cv_target=x86_64-unknown-linux-gnu
ac_cv_type_pid_t=yes
ac_cv_type_size_t=yes
am_cv_CC_dependencies_compiler_type=gcc3
am_cv_CXX_dependencies_compiler_type=none
lt_cv_deplibs_check_method=pass_all
lt_cv_dlopen=dlopen
lt_cv_dlopen_libs=-ldl
lt_cv_dlopen_self=yes
lt_cv_dlopen_self_static=yes
lt_cv_file_magic_cmd='$MAGIC_CMD'
lt_cv_file_magic_test_file=
lt_cv_ld_reload_flag=-r
lt_cv_objdir=.libs
lt_cv_path_LD=/bin/ld
lt_cv_path_NM='/bin/nm -B'
lt_cv_path_SED=/bin/sed
lt_cv_prog_compiler_c_o=yes
lt_cv_prog_compiler_rtti_exceptions=no
lt_cv_prog_gnu_ld=yes
lt_cv_sys_global_symbol_pipe='sed -n -e '\''s/^.*[ 	]\([ABCDGIRSTW][ABCDGIRSTW]*\)[ 	][ 	]*\([_A-Za-z][_A-Za-z0-9]*\)$/\1 \2 \2/p'\'''
lt_cv_sys_global_symbol_to_c_name_address='sed -n -e '\''s/^: \([^ ]*\) $/  {\"\1\", (lt_ptr) 0},/p'\'' -e '\''s/^[BCDEGRST] \([^ ]*\) \([^ ]*\)$/  {"\2", (lt_ptr) \&\2},/p'\'''
lt_cv_sys_global_symbol_to_cdecl='sed -n -e '\''s/^. .* \(.*\)$/extern int \1;/p'\'''
lt_cv_sys_max_cmd_len=1572864
lt_lt_cv_prog_compiler_c_o='"yes"'
lt_lt_cv_sys_global_symbol_pipe='"sed -n -e '\''s/^.*[ 	]\\([ABCDGIRSTW][ABCDGIRSTW]*\\)[ 	][ 	]*\\([_A-Za-z][_A-Za-z0-9]*\\)\$/\\1 \\2 \\2/p'\''"'
lt_lt_cv_sys_global_symbol_to_c_name_address='"sed -n -e '\''s/^: \\([^ ]*\\) \$/  {\\\"\\1\\\", (lt_ptr) 0},/p'\'' -e '\''s/^[BCDEGRST] \\([^ ]*\\) \\([^ ]*\\)\$/  {\"\\2\", (lt_ptr) \\&\\2},/p'\''"'
lt_lt_cv_sys_global_symbol_to_cdecl='"sed -n -e '\''s/^. .* \\(.*\\)\$/extern int \\1;/p'\''"'

## ----------------- ##
## Output variables. ##
## ----------------- ##

ACLOCAL='${SHELL} /home/berendt/Downloads/g15daemon-1.9.5.3/config/missing --run aclocal-1.10'
AMDEPBACKSLASH='\'
AMDEP_FALSE='#'
AMDEP_TRUE=''
AMTAR='${SHELL} /home/berendt/Downloads/g15daemon-1.9.5.3/config/missing --run tar'
AR='ar'
AUTOCONF='${SHELL} /home/berendt/Downloads/g15daemon-1.9.5.3/config/missing --run autoconf'
AUTOHEADER='${SHELL} /home/berendt/Downloads/g15daemon-1.9.5.3/config/missing --run autoheader'
AUTOMAKE='${SHELL} /home/berendt/Downloads/g15daemon-1.9.5.3/config/missing --run automake-1.10'
AWK='gawk'
CC='gcc'
CCDEPMODE='depmode=gcc3'
CFLAGS='-g -O2'
CPP='gcc -E'
CPPFLAGS=' -DDATADIR="\"$(datadir)\"" -DPLUGINDIR=\"$(G15DAEMON_PLUGIN_DIR)\" -I$(includedir)'
CXX='g++'
CXXCPP=''
CXXDEPMODE='depmode=none'
CXXFLAGS=''
CYGPATH_W='echo'
DEFS='-DHAVE_CONFIG_H'
DEPDIR='.deps'
ECHO='echo'
ECHO_C=''
ECHO_N='-n'
ECHO_T=''
EGREP='/bin/grep -E'
EXEEXT=''
F77=''
FFLAGS=''
G15DAEMON_PLUGIN_DIR='${exec_prefix}/lib64/g15daemon/1.9.5.3/plugins'
GREP='/bin/grep'
INSTALL_DATA='${INSTALL} -m 644'
INSTALL_PROGRAM='${INSTALL}'
INSTALL_SCRIPT='${INSTALL}'
INSTALL_STRIP_PROGRAM='$(install_sh) -c -s'
KEXT_INSTALL_FALSE=''
KEXT_INSTALL_TRUE='#'
KEXT_LOCATION=''
LDFLAGS=''
LIBOBJS=''
LIBS='-lpthread -lm -lg15render -lg15 '
LIBTOOL='$(SHELL) $(top_builddir)/libtool'
LN_S='ln -s'
LTLIBOBJS=''
MAKEINFO='${SHELL} /home/berendt/Downloads/g15daemon-1.9.5.3/config/missing --run makeinfo'
OBJEXT='o'
PACKAGE='g15daemon'
PACKAGE_BUGREPORT='mlampard@users.sf.net'
PACKAGE_NAME='g15daemon'
PACKAGE_STRING='g15daemon 1.9.5.3'
PACKAGE_TARNAME='g15daemon'
PACKAGE_VERSION='1.9.5.3'
PATH_SEPARATOR=':'
RANLIB='ranlib'
SED='/bin/sed'
SET_MAKE=''
SHELL='/bin/sh'
STRIP='strip'
UINPUT_INTERFACE_PLUGIN_FALSE='#'
UINPUT_INTERFACE_PLUGIN_TRUE=''
VERSION='1.9.5.3'
ac_ct_CC='gcc'
ac_ct_CXX=''
ac_ct_F77=''
am__fastdepCC_FALSE='#'
am__fastdepCC_TRUE=''
am__fastdepCXX_FALSE=''
am__fastdepCXX_TRUE='#'
am__include='include'
am__isrc=''
am__leading_dot='.'
am__quote=''
am__tar='${AMTAR} chof - "$$tardir"'
am__untar='${AMTAR} xf -'
bindir='${exec_prefix}/bin'
build='x86_64-unknown-linux-gnu'
build_alias=''
build_cpu='x86_64'
build_os='linux-gnu'
build_vendor='unknown'
datadir='${datarootdir}'
datarootdir='${prefix}/share'
docdir='${datarootdir}/doc/${PACKAGE_TARNAME}'
dvidir='${docdir}'
exec_prefix='${prefix}'
host='x86_64-unknown-linux-gnu'
host_alias=''
host_cpu='x86_64'
host_os='linux-gnu'
host_vendor='unknown'
htmldir='${docdir}'
includedir='${prefix}/include'
infodir='${datarootdir}/info'
install_sh='$(SHELL) /home/berendt/Downloads/g15daemon-1.9.5.3/config/install-sh'
libdir='${exec_prefix}/lib64'
libexecdir='${exec_prefix}/libexec'
localedir='${datarootdir}/locale'
localstatedir='/var'
mandir='${datarootdir}/man'
mkdir_p='/bin/mkdir -p'
oldincludedir='/usr/include'
pdfdir='${docdir}'
prefix='/usr'
program_transform_name='s,x,x,'
psdir='${docdir}'
sbindir='${exec_prefix}/sbin'
sharedstatedir='/var'
sysconfdir='/etc'
target='x86_64-unknown-linux-gnu'
target_alias=''
target_cpu='x86_64'
target_os='linux-gnu'
target_vendor='unknown'

## ----------- ##
## confdefs.h. ##
## ----------- ##

#define PACKAGE_NAME "g15daemon"
#define PACKAGE_TARNAME "g15daemon"
#define PACKAGE_VERSION "1.9.5.3"
#define PACKAGE_STRING "g15daemon 1.9.5.3"
#define PACKAGE_BUGREPORT "mlampard@users.sf.net"
#define PACKAGE "g15daemon"
#define VERSION "1.9.5.3"
#define STDC_HEADERS 1
#define HAVE_SYS_TYPES_H 1
#define HAVE_SYS_STAT_H 1
#define HAVE_STDLIB_H 1
#define HAVE_STRING_H 1
#define HAVE_MEMORY_H 1
#define HAVE_STRINGS_H 1
#define HAVE_INTTYPES_H 1
#define HAVE_STDINT_H 1
#define HAVE_UNISTD_H 1
#define HAVE_DLFCN_H 1
#define HAVE_LIBG15 1
#define HAVE_LIBG15RENDER 1
#define HAVE_LIBM 1
#define HAVE_LIBPTHREAD 1
#define HAVE_DAEMON 1
#define HAVE_SYS_SELECT_H 1
#define HAVE_SYS_SOCKET_H 1
#define SELECT_TYPE_ARG1 int
#define SELECT_TYPE_ARG234 (fd_set *)
#define SELECT_TYPE_ARG5 (struct timeval *)
#define HAVE_STRFTIME 1
#define HAVE_MEMSET 1
#define HAVE_SELECT 1
#define HAVE_SOCKET 1
#define HAVE_STRERROR 1
#define HAVE_BACKTRACE 1
#define HAVE_BACKTRACE_SYMBOLS 1
#define STDC_HEADERS 1
#define HAVE_SYS_WAIT_H 1
#define HAVE_LINUX_INPUT_H 1
#define HAVE_EXECINFO_H 1
#define HAVE_LINUX_UINPUT_H 1
#define HAVE_ARPA_INET_H 1
#define HAVE_FCNTL_H 1
#define HAVE_STDLIB_H 1
#define HAVE_STRING_H 1
#define HAVE_SYS_SOCKET_H 1
#define HAVE_UNISTD_H 1
#define HAVE_LIBG15_H 1
#define HAVE_UINPUT_USER_DEV_ID 1
#define OSTYPE_LINUX 1
#define BUILD_OS_NAME "Linux 3.17.7-300.fc21.x86_64 x86_64"
#define BUILD_DATE "Tue 13 Jan 2015 14:29:35"
#define COMPILER_VERSION "gcc version 4.9.2 20141101 (Red Hat 4.9.2-1) (GCC) "

configure: exit 0
