This file contains any messages produced by compilers while
running configure, to aid debugging if configure makes a mistake.

It was created by libg15 configure 1.2.7, which was
generated by GNU Autoconf 2.61.  Invocation command line was

  $ ./configure --prefix=/usr

## --------- ##
## Platform. ##
## --------- ##

hostname = sauerkraut.site
uname -m = x86_64
uname -r = 3.17.7-300.fc21.x86_64
uname -s = Linux
uname -v = #1 SMP Wed Dec 17 03:08:44 UTC 2014

/usr/bin/uname -p = x86_64
/bin/uname -X     = unknown

/bin/arch              = x86_64
/usr/bin/arch -k       = unknown
/usr/convex/getsysinfo = unknown
/usr/bin/hostinfo      = unknown
/bin/machine           = unknown
/usr/bin/oslevel       = unknown
/bin/universe          = unknown

PATH: /sbin
PATH: /bin
PATH: /usr/sbin
PATH: /usr/bin


## ----------- ##
## Core tests. ##
## ----------- ##

configure:1837: loading site script /usr/share/config.site
| # This is the config.site file to satisfy FHS defaults when installing below
| # /usr.
| #
| # You may override this file by your config.site using the CONFIG_SITE env
| # variable.
| #
| # Note: This file includes also RHEL/Fedora fix for installing libraries into
| # "/lib/lib64" on 64bit systems.
| 
| if test -n "$host"; then
|     # skip when cross-compiling
|     return 0
| fi
| 
| if test "$prefix" = /usr; then
|     test "$sysconfdir" = '${prefix}/etc' && sysconfdir=/etc
|     test "$sharedstatedir" = '${prefix}/com' && sharedstatedir=/var
|     test "$localstatedir" = '${prefix}/var' && localstatedir=/var
| 
|     ARCH=`uname -m`
|     for i in x86_64 ppc64 s390x aarch64; do
|         if test $ARCH = $i; then
|             test "$libdir" = '${exec_prefix}/lib' && libdir='${exec_prefix}/lib64'
|             break
|         fi
|     done
| fi
configure:1979: checking build system type
configure:1997: result: x86_64-unknown-linux-gnu
configure:2019: checking host system type
configure:2034: result: x86_64-unknown-linux-gnu
configure:2056: checking target system type
configure:2071: result: x86_64-unknown-linux-gnu
configure:2115: checking for a BSD-compatible install
configure:2171: result: /bin/install -c
configure:2182: checking whether build environment is sane
configure:2225: result: yes
configure:2253: checking for a thread-safe mkdir -p
configure:2292: result: /bin/mkdir -p
configure:2305: checking for gawk
configure:2321: found /bin/gawk
configure:2332: result: gawk
configure:2343: checking whether make sets $(MAKE)
configure:2364: result: yes
configure:2605: checking for gcc
configure:2621: found /bin/gcc
configure:2632: result: gcc
configure:2870: checking for C compiler version
configure:2877: gcc --version >&5
gcc (GCC) 4.9.2 20141101 (Red Hat 4.9.2-1)
Copyright (C) 2014 Free Software Foundation, Inc.
This is free software; see the source for copying conditions.  There is NO
warranty; not even for MERCHANTABILITY or FITNESS FOR A PARTICULAR PURPOSE.

configure:2880: $? = 0
configure:2887: gcc -v >&5
Using built-in specs.
COLLECT_GCC=gcc
COLLECT_LTO_WRAPPER=/usr/libexec/gcc/x86_64-redhat-linux/4.9.2/lto-wrapper
Target: x86_64-redhat-linux
Configured with: ../configure --prefix=/usr --mandir=/usr/share/man --infodir=/usr/share/info --with-bugurl=http://bugzilla.redhat.com/bugzilla --enable-bootstrap --enable-shared --enable-threads=posix --enable-checking=release --enable-multilib --with-system-zlib --enable-__cxa_atexit --disable-libunwind-exceptions --enable-gnu-unique-object --enable-linker-build-id --with-linker-hash-style=gnu --enable-languages=c,c++,objc,obj-c++,fortran,ada,go,lto --enable-plugin --enable-initfini-array --disable-libgcj --with-isl=/builddir/build/BUILD/gcc-4.9.2-20141101/obj-x86_64-redhat-linux/isl-install --with-cloog=/builddir/build/BUILD/gcc-4.9.2-20141101/obj-x86_64-redhat-linux/cloog-install --enable-gnu-indirect-function --with-tune=generic --with-arch_32=i686 --build=x86_64-redhat-linux
Thread model: posix
gcc version 4.9.2 20141101 (Red Hat 4.9.2-1) (GCC) 
configure:2890: $? = 0
configure:2897: gcc -V >&5
gcc: error: unrecognized command line option '-V'
gcc: fatal error: no input files
compilation terminated.
configure:2900: $? = 4
configure:2923: checking for C compiler default output file name
configure:2950: gcc    conftest.c  >&5
configure:2953: $? = 0
configure:2991: result: a.out
configure:3008: checking whether the C compiler works
configure:3018: ./a.out
configure:3021: $? = 0
configure:3038: result: yes
configure:3045: checking whether we are cross compiling
configure:3047: result: no
configure:3050: checking for suffix of executables
configure:3057: gcc -o conftest    conftest.c  >&5
configure:3060: $? = 0
configure:3084: result: 
configure:3090: checking for suffix of object files
configure:3116: gcc -c   conftest.c >&5
configure:3119: $? = 0
configure:3142: result: o
configure:3146: checking whether we are using the GNU C compiler
configure:3175: gcc -c   conftest.c >&5
configure:3181: $? = 0
configure:3198: result: yes
configure:3203: checking whether gcc accepts -g
configure:3233: gcc -c -g  conftest.c >&5
configure:3239: $? = 0
configure:3338: result: yes
configure:3355: checking for gcc option to accept ISO C89
configure:3429: gcc  -c -g -O2  conftest.c >&5
configure:3435: $? = 0
configure:3458: result: none needed
configure:3487: checking for style of include used by make
configure:3515: result: GNU
configure:3540: checking dependency style of gcc
configure:3631: result: gcc3
configure:3718: checking for a sed that does not truncate output
configure:3774: result: /bin/sed
configure:3777: checking for grep that handles long lines and -e
configure:3851: result: /bin/grep
configure:3856: checking for egrep
configure:3934: result: /bin/grep -E
configure:3950: checking for ld used by gcc
configure:4017: result: /bin/ld
configure:4026: checking if the linker (/bin/ld) is GNU ld
configure:4041: result: yes
configure:4046: checking for /bin/ld option to reload object files
configure:4053: result: -r
configure:4071: checking for BSD-compatible nm
configure:4120: result: /bin/nm -B
configure:4124: checking whether ln -s works
configure:4128: result: yes
configure:4135: checking how to recognize dependent libraries
configure:4321: result: pass_all
configure:4410: gcc -c -g -O2  conftest.c >&5
configure:4413: $? = 0
configure:4566: checking how to run the C preprocessor
configure:4606: gcc -E  conftest.c
configure:4612: $? = 0
configure:4643: gcc -E  conftest.c
conftest.c:10:28: fatal error: ac_nonexistent.h: No such file or directory
 #include <ac_nonexistent.h>
                            ^
compilation terminated.
configure:4649: $? = 1
configure: failed program was:
| /* confdefs.h.  */
| #define PACKAGE_NAME "libg15"
| #define PACKAGE_TARNAME "libg15"
| #define PACKAGE_VERSION "1.2.7"
| #define PACKAGE_STRING "libg15 1.2.7"
| #define PACKAGE_BUGREPORT "mlampard@users.sourceforge.net"
| #define PACKAGE "libg15"
| #define VERSION "1.2.7"
| /* end confdefs.h.  */
| #include <ac_nonexistent.h>
configure:4682: result: gcc -E
configure:4711: gcc -E  conftest.c
configure:4717: $? = 0
configure:4748: gcc -E  conftest.c
conftest.c:10:28: fatal error: ac_nonexistent.h: No such file or directory
 #include <ac_nonexistent.h>
                            ^
compilation terminated.
configure:4754: $? = 1
configure: failed program was:
| /* confdefs.h.  */
| #define PACKAGE_NAME "libg15"
| #define PACKAGE_TARNAME "libg15"
| #define PACKAGE_VERSION "1.2.7"
| #define PACKAGE_STRING "libg15 1.2.7"
| #define PACKAGE_BUGREPORT "mlampard@users.sourceforge.net"
| #define PACKAGE "libg15"
| #define VERSION "1.2.7"
| /* end confdefs.h.  */
| #include <ac_nonexistent.h>
configure:4792: checking for ANSI C header files
configure:4822: gcc -c -g -O2  conftest.c >&5
configure:4828: $? = 0
configure:4927: gcc -o conftest -g -O2   conftest.c  >&5
configure:4930: $? = 0
configure:4936: ./conftest
configure:4939: $? = 0
configure:4956: result: yes
configure:4980: checking for sys/types.h
configure:5001: gcc -c -g -O2  conftest.c >&5
configure:5007: $? = 0
configure:5023: result: yes
configure:4980: checking for sys/stat.h
configure:5001: gcc -c -g -O2  conftest.c >&5
configure:5007: $? = 0
configure:5023: result: yes
configure:4980: checking for stdlib.h
configure:5001: gcc -c -g -O2  conftest.c >&5
configure:5007: $? = 0
configure:5023: result: yes
configure:4980: checking for string.h
configure:5001: gcc -c -g -O2  conftest.c >&5
configure:5007: $? = 0
configure:5023: result: yes
configure:4980: checking for memory.h
configure:5001: gcc -c -g -O2  conftest.c >&5
configure:5007: $? = 0
configure:5023: result: yes
configure:4980: checking for strings.h
configure:5001: gcc -c -g -O2  conftest.c >&5
configure:5007: $? = 0
configure:5023: result: yes
configure:4980: checking for inttypes.h
configure:5001: gcc -c -g -O2  conftest.c >&5
configure:5007: $? = 0
configure:5023: result: yes
configure:4980: checking for stdint.h
configure:5001: gcc -c -g -O2  conftest.c >&5
configure:5007: $? = 0
configure:5023: result: yes
configure:4980: checking for unistd.h
configure:5001: gcc -c -g -O2  conftest.c >&5
configure:5007: $? = 0
configure:5023: result: yes
configure:5050: checking dlfcn.h usability
configure:5067: gcc -c -g -O2  conftest.c >&5
configure:5073: $? = 0
configure:5087: result: yes
configure:5091: checking dlfcn.h presence
configure:5106: gcc -E  conftest.c
configure:5112: $? = 0
configure:5126: result: yes
configure:5159: checking for dlfcn.h
configure:5167: result: yes
configure:5238: checking for g++
configure:5268: result: no
configure:5238: checking for c++
configure:5268: result: no
configure:5238: checking for gpp
configure:5268: result: no
configure:5238: checking for aCC
configure:5268: result: no
configure:5238: checking for CC
configure:5268: result: no
configure:5238: checking for cxx
configure:5268: result: no
configure:5238: checking for cc++
configure:5268: result: no
configure:5238: checking for cl.exe
configure:5268: result: no
configure:5238: checking for FCC
configure:5268: result: no
configure:5238: checking for KCC
configure:5268: result: no
configure:5238: checking for RCC
configure:5268: result: no
configure:5238: checking for xlC_r
configure:5268: result: no
configure:5238: checking for xlC
configure:5268: result: no
configure:5296: checking for C++ compiler version
configure:5303: g++ --version >&5
./configure: line 5304: g++: command not found
configure:5306: $? = 127
configure:5313: g++ -v >&5
./configure: line 5314: g++: command not found
configure:5316: $? = 127
configure:5323: g++ -V >&5
./configure: line 5324: g++: command not found
configure:5326: $? = 127
configure:5329: checking whether we are using the GNU C++ compiler
configure:5358: g++ -c   conftest.cpp >&5
./configure: line 5359: g++: command not found
configure:5364: $? = 127
configure: failed program was:
| /* confdefs.h.  */
| #define PACKAGE_NAME "libg15"
| #define PACKAGE_TARNAME "libg15"
| #define PACKAGE_VERSION "1.2.7"
| #define PACKAGE_STRING "libg15 1.2.7"
| #define PACKAGE_BUGREPORT "mlampard@users.sourceforge.net"
| #define PACKAGE "libg15"
| #define VERSION "1.2.7"
| #define STDC_HEADERS 1
| #define HAVE_SYS_TYPES_H 1
| #define HAVE_SYS_STAT_H 1
| #define HAVE_STDLIB_H 1
| #define HAVE_STRING_H 1
| #define HAVE_MEMORY_H 1
| #define HAVE_STRINGS_H 1
| #define HAVE_INTTYPES_H 1
| #define HAVE_STDINT_H 1
| #define HAVE_UNISTD_H 1
| #define HAVE_DLFCN_H 1
| /* end confdefs.h.  */
| 
| int
| main ()
| {
| #ifndef __GNUC__
|        choke me
| #endif
| 
|   ;
|   return 0;
| }
configure:5381: result: no
configure:5386: checking whether g++ accepts -g
configure:5416: g++ -c -g  conftest.cpp >&5
./configure: line 5417: g++: command not found
configure:5422: $? = 127
configure: failed program was:
| /* confdefs.h.  */
| #define PACKAGE_NAME "libg15"
| #define PACKAGE_TARNAME "libg15"
| #define PACKAGE_VERSION "1.2.7"
| #define PACKAGE_STRING "libg15 1.2.7"
| #define PACKAGE_BUGREPORT "mlampard@users.sourceforge.net"
| #define PACKAGE "libg15"
| #define VERSION "1.2.7"
| #define STDC_HEADERS 1
| #define HAVE_SYS_TYPES_H 1
| #define HAVE_SYS_STAT_H 1
| #define HAVE_STDLIB_H 1
| #define HAVE_STRING_H 1
| #define HAVE_MEMORY_H 1
| #define HAVE_STRINGS_H 1
| #define HAVE_INTTYPES_H 1
| #define HAVE_STDINT_H 1
| #define HAVE_UNISTD_H 1
| #define HAVE_DLFCN_H 1
| /* end confdefs.h.  */
| 
| int
| main ()
| {
| 
|   ;
|   return 0;
| }
configure:5454: g++ -c   conftest.cpp >&5
./configure: line 5455: g++: command not found
configure:5460: $? = 127
configure: failed program was:
| /* confdefs.h.  */
| #define PACKAGE_NAME "libg15"
| #define PACKAGE_TARNAME "libg15"
| #define PACKAGE_VERSION "1.2.7"
| #define PACKAGE_STRING "libg15 1.2.7"
| #define PACKAGE_BUGREPORT "mlampard@users.sourceforge.net"
| #define PACKAGE "libg15"
| #define VERSION "1.2.7"
| #define STDC_HEADERS 1
| #define HAVE_SYS_TYPES_H 1
| #define HAVE_SYS_STAT_H 1
| #define HAVE_STDLIB_H 1
| #define HAVE_STRING_H 1
| #define HAVE_MEMORY_H 1
| #define HAVE_STRINGS_H 1
| #define HAVE_INTTYPES_H 1
| #define HAVE_STDINT_H 1
| #define HAVE_UNISTD_H 1
| #define HAVE_DLFCN_H 1
| /* end confdefs.h.  */
| 
| int
| main ()
| {
| 
|   ;
|   return 0;
| }
configure:5493: g++ -c -g  conftest.cpp >&5
./configure: line 5494: g++: command not found
configure:5499: $? = 127
configure: failed program was:
| /* confdefs.h.  */
| #define PACKAGE_NAME "libg15"
| #define PACKAGE_TARNAME "libg15"
| #define PACKAGE_VERSION "1.2.7"
| #define PACKAGE_STRING "libg15 1.2.7"
| #define PACKAGE_BUGREPORT "mlampard@users.sourceforge.net"
| #define PACKAGE "libg15"
| #define VERSION "1.2.7"
| #define STDC_HEADERS 1
| #define HAVE_SYS_TYPES_H 1
| #define HAVE_SYS_STAT_H 1
| #define HAVE_STDLIB_H 1
| #define HAVE_STRING_H 1
| #define HAVE_MEMORY_H 1
| #define HAVE_STRINGS_H 1
| #define HAVE_INTTYPES_H 1
| #define HAVE_STDINT_H 1
| #define HAVE_UNISTD_H 1
| #define HAVE_DLFCN_H 1
| /* end confdefs.h.  */
| 
| int
| main ()
| {
| 
|   ;
|   return 0;
| }
configure:5521: result: no
configure:5546: checking dependency style of g++
configure:5637: result: none
configure:5939: checking for g77
configure:5969: result: no
configure:5939: checking for xlf
configure:5969: result: no
configure:5939: checking for f77
configure:5969: result: no
configure:5939: checking for frt
configure:5969: result: no
configure:5939: checking for pgf77
configure:5969: result: no
configure:5939: checking for cf77
configure:5969: result: no
configure:5939: checking for fort77
configure:5969: result: no
configure:5939: checking for fl32
configure:5969: result: no
configure:5939: checking for af77
configure:5969: result: no
configure:5939: checking for xlf90
configure:5969: result: no
configure:5939: checking for f90
configure:5969: result: no
configure:5939: checking for pgf90
configure:5969: result: no
configure:5939: checking for pghpf
configure:5969: result: no
configure:5939: checking for epcf90
configure:5969: result: no
configure:5939: checking for gfortran
configure:5969: result: no
configure:5939: checking for g95
configure:5969: result: no
configure:5939: checking for xlf95
configure:5969: result: no
configure:5939: checking for f95
configure:5969: result: no
configure:5939: checking for fort
configure:5969: result: no
configure:5939: checking for ifort
configure:5969: result: no
configure:5939: checking for ifc
configure:5969: result: no
configure:5939: checking for efc
configure:5969: result: no
configure:5939: checking for pgf95
configure:5969: result: no
configure:5939: checking for lf95
configure:5969: result: no
configure:5939: checking for ftn
configure:5969: result: no
configure:5996: checking for Fortran 77 compiler version
configure:6003:  --version >&5
./configure: line 6004: --version: command not found
configure:6006: $? = 127
configure:6013:  -v >&5
./configure: line 6014: -v: command not found
configure:6016: $? = 127
configure:6023:  -V >&5
./configure: line 6024: -V: command not found
configure:6026: $? = 127
configure:6034: checking whether we are using the GNU Fortran 77 compiler
configure:6053:  -c  conftest.F >&5
./configure: line 6054: -c: command not found
configure:6059: $? = 127
configure: failed program was:
|       program main
| #ifndef __GNUC__
|        choke me
| #endif
| 
|       end
configure:6076: result: no
configure:6082: checking whether  accepts -g
configure:6099:  -c -g conftest.f >&5
./configure: line 6100: -c: command not found
configure:6105: $? = 127
configure: failed program was:
|       program main
| 
|       end
configure:6121: result: no
configure:6150: checking the maximum length of command line arguments
configure:6262: result: 1572864
configure:6274: checking command to parse /bin/nm -B output from gcc object
configure:6379: gcc -c -g -O2  conftest.c >&5
configure:6382: $? = 0
configure:6386: /bin/nm -B conftest.o \| sed -n -e 's/^.*[ 	]\([ABCDGIRSTW][ABCDGIRSTW]*\)[ 	][ 	]*\([_A-Za-z][_A-Za-z0-9]*\)$/\1 \2 \2/p' \> conftest.nm
configure:6389: $? = 0
configure:6441: gcc -o conftest -g -O2   conftest.c conftstm.o >&5
configure:6444: $? = 0
configure:6482: result: ok
configure:6486: checking for objdir
configure:6501: result: .libs
configure:6593: checking for ar
configure:6609: found /bin/ar
configure:6620: result: ar
configure:6689: checking for ranlib
configure:6705: found /bin/ranlib
configure:6716: result: ranlib
configure:6785: checking for strip
configure:6801: found /bin/strip
configure:6812: result: strip
configure:7361: checking for correct ltmain.sh version
configure:7411: result: yes
configure:7471: checking if gcc supports -fno-rtti -fno-exceptions
configure:7489: gcc -c -g -O2  -fno-rtti -fno-exceptions conftest.c >&5
cc1: warning: command line option '-fno-rtti' is valid for C++/ObjC++ but not for C
configure:7493: $? = 0
configure:7506: result: no
configure:7521: checking for gcc option to produce PIC
configure:7753: result: -fPIC
configure:7761: checking if gcc PIC flag -fPIC works
configure:7779: gcc -c -g -O2  -fPIC -DPIC conftest.c >&5
configure:7783: $? = 0
configure:7796: result: yes
configure:7824: checking if gcc static flag -static works
configure:7852: result: no
configure:7862: checking if gcc supports -c -o file.o
configure:7883: gcc -c -g -O2  -o out/conftest2.o conftest.c >&5
configure:7887: $? = 0
configure:7909: result: yes
configure:7935: checking whether the gcc linker (/bin/ld -m elf_x86_64) supports shared libraries
configure:8915: result: yes
configure:8936: checking whether -lc should be explicitly linked in
configure:8941: gcc -c -g -O2  conftest.c >&5
configure:8944: $? = 0
configure:8959: gcc -shared conftest.o  -v -Wl,-soname -Wl,conftest -o conftest 2\>\&1 \| grep  -lc  \>/dev/null 2\>\&1
configure:8962: $? = 0
configure:8974: result: no
configure:8982: checking dynamic linker characteristics
configure:9597: result: GNU/Linux ld.so
configure:9621: checking how to hardcode library paths into programs
configure:9646: result: immediate
configure:9660: checking whether stripping libraries is possible
configure:9665: result: yes
configure:10467: checking if libtool supports shared libraries
configure:10469: result: yes
configure:10472: checking whether to build shared libraries
configure:10493: result: yes
configure:10496: checking whether to build static libraries
configure:10500: result: yes
configure:10594: creating libtool
configure:19985: checking for main in -lusb
configure:20014: gcc -o conftest -g -O2   conftest.c -lusb   >&5
configure:20020: $? = 0
configure:20038: result: yes
configure:20063: checking for ANSI C header files
configure:20227: result: yes
configure:20242: checking for string.h
configure:20248: result: yes
configure:20397: checking usb.h usability
configure:20414: gcc -c -g -O2  conftest.c >&5
configure:20420: $? = 0
configure:20434: result: yes
configure:20438: checking usb.h presence
configure:20453: gcc -E  conftest.c
configure:20459: $? = 0
configure:20473: result: yes
configure:20506: checking for usb.h
configure:20514: result: yes
configure:20529: checking for an ANSI C-conforming const
configure:20604: gcc -c -g -O2  conftest.c >&5
configure:20610: $? = 0
configure:20625: result: yes
configure:20641: checking for memset
configure:20697: gcc -o conftest -g -O2   conftest.c -lusb  >&5
conftest.c:49:6: warning: conflicting types for built-in function 'memset'
 char memset ();
      ^
configure:20703: $? = 0
configure:20721: result: yes
configure:20855: creating ./config.status

## ---------------------- ##
## Running config.status. ##
## ---------------------- ##

This file was extended by libg15 config.status 1.2.7, which was
generated by GNU Autoconf 2.61.  Invocation command line was

  CONFIG_FILES    = 
  CONFIG_HEADERS  = 
  CONFIG_LINKS    = 
  CONFIG_COMMANDS = 
  $ ./config.status 

on sauerkraut.site

config.status:668: creating Makefile
config.status:668: creating config.h
config.status:901: config.h is unchanged
config.status:948: executing depfiles commands

## ---------------- ##
## Cache variables. ##
## ---------------- ##

ac_cv_build=x86_64-unknown-linux-gnu
ac_cv_c_compiler_gnu=yes
ac_cv_c_const=yes
ac_cv_cxx_compiler_gnu=no
ac_cv_env_CCC_set=
ac_cv_env_CCC_value=
ac_cv_env_CC_set=
ac_cv_env_CC_value=
ac_cv_env_CFLAGS_set=
ac_cv_env_CFLAGS_value=
ac_cv_env_CPPFLAGS_set=
ac_cv_env_CPPFLAGS_value=
ac_cv_env_CPP_set=
ac_cv_env_CPP_value=
ac_cv_env_CXXCPP_set=
ac_cv_env_CXXCPP_value=
ac_cv_env_CXXFLAGS_set=
ac_cv_env_CXXFLAGS_value=
ac_cv_env_CXX_set=
ac_cv_env_CXX_value=
ac_cv_env_F77_set=
ac_cv_env_F77_value=
ac_cv_env_FFLAGS_set=
ac_cv_env_FFLAGS_value=
ac_cv_env_LDFLAGS_set=
ac_cv_env_LDFLAGS_value=
ac_cv_env_LIBS_set=
ac_cv_env_LIBS_value=
ac_cv_env_build_alias_set=
ac_cv_env_build_alias_value=
ac_cv_env_host_alias_set=
ac_cv_env_host_alias_value=
ac_cv_env_target_alias_set=
ac_cv_env_target_alias_value=
ac_cv_f77_compiler_gnu=no
ac_cv_func_memset=yes
ac_cv_header_dlfcn_h=yes
ac_cv_header_inttypes_h=yes
ac_cv_header_memory_h=yes
ac_cv_header_stdc=yes
ac_cv_header_stdint_h=yes
ac_cv_header_stdlib_h=yes
ac_cv_header_string_h=yes
ac_cv_header_strings_h=yes
ac_cv_header_sys_stat_h=yes
ac_cv_header_sys_types_h=yes
ac_cv_header_unistd_h=yes
ac_cv_header_usb_h=yes
ac_cv_host=x86_64-unknown-linux-gnu
ac_cv_lib_usb_main=yes
ac_cv_objext=o
ac_cv_path_EGREP='/bin/grep -E'
ac_cv_path_GREP=/bin/grep
ac_cv_path_install='/bin/install -c'
ac_cv_path_mkdir=/bin/mkdir
ac_cv_prog_AWK=gawk
ac_cv_prog_CPP='gcc -E'
ac_cv_prog_ac_ct_AR=ar
ac_cv_prog_ac_ct_CC=gcc
ac_cv_prog_ac_ct_RANLIB=ranlib
ac_cv_prog_ac_ct_STRIP=strip
ac_cv_prog_cc_c89=
ac_cv_prog_cc_g=yes
ac_cv_prog_cxx_g=no
ac_cv_prog_f77_g=no
ac_cv_prog_make_make_set=yes
ac_cv_target=x86_64-unknown-linux-gnu
am_cv_CC_dependencies_compiler_type=gcc3
am_cv_CXX_dependencies_compiler_type=none
lt_cv_deplibs_check_method=pass_all
lt_cv_file_magic_cmd='$MAGIC_CMD'
lt_cv_file_magic_test_file=
lt_cv_ld_reload_flag=-r
lt_cv_objdir=.libs
lt_cv_path_LD=/bin/ld
lt_cv_path_NM='/bin/nm -B'
lt_cv_path_SED=/bin/sed
lt_cv_prog_compiler_c_o=yes
lt_cv_prog_compiler_pic_works=yes
lt_cv_prog_compiler_rtti_exceptions=no
lt_cv_prog_compiler_static_works=no
lt_cv_prog_gnu_ld=yes
lt_cv_sys_global_symbol_pipe='sed -n -e '\''s/^.*[ 	]\([ABCDGIRSTW][ABCDGIRSTW]*\)[ 	][ 	]*\([_A-Za-z][_A-Za-z0-9]*\)$/\1 \2 \2/p'\'''
lt_cv_sys_global_symbol_to_c_name_address='sed -n -e '\''s/^: \([^ ]*\) $/  {\"\1\", (lt_ptr) 0},/p'\'' -e '\''s/^[BCDEGRST] \([^ ]*\) \([^ ]*\)$/  {"\2", (lt_ptr) \&\2},/p'\'''
lt_cv_sys_global_symbol_to_cdecl='sed -n -e '\''s/^. .* \(.*\)$/extern int \1;/p'\'''
lt_cv_sys_lib_dlsearch_path_spec='/lib /usr/lib /usr/lib64/atlas /usr/lib/llvm /usr/lib64/llvm /usr/lib64/qt-3.3/lib /usr/lib64/tcl8.6 /usr/lib/wine/ /usr/lib64/wine/ '
lt_cv_sys_lib_search_path_spec='/usr/lib/gcc/x86_64-redhat-linux/4.9.2 /usr/lib64 /lib64'
lt_cv_sys_max_cmd_len=1572864
lt_lt_cv_prog_compiler_c_o='"yes"'
lt_lt_cv_sys_global_symbol_pipe='"sed -n -e '\''s/^.*[ 	]\\([ABCDGIRSTW][ABCDGIRSTW]*\\)[ 	][ 	]*\\([_A-Za-z][_A-Za-z0-9]*\\)\$/\\1 \\2 \\2/p'\''"'
lt_lt_cv_sys_global_symbol_to_c_name_address='"sed -n -e '\''s/^: \\([^ ]*\\) \$/  {\\\"\\1\\\", (lt_ptr) 0},/p'\'' -e '\''s/^[BCDEGRST] \\([^ ]*\\) \\([^ ]*\\)\$/  {\"\\2\", (lt_ptr) \\&\\2},/p'\''"'
lt_lt_cv_sys_global_symbol_to_cdecl='"sed -n -e '\''s/^. .* \\(.*\\)\$/extern int \\1;/p'\''"'

## ----------------- ##
## Output variables. ##
## ----------------- ##

ACLOCAL='${SHELL} /home/berendt/Downloads/libg15-1.2.7/config/missing --run aclocal-1.10'
AMDEPBACKSLASH='\'
AMDEP_FALSE='#'
AMDEP_TRUE=''
AMTAR='${SHELL} /home/berendt/Downloads/libg15-1.2.7/config/missing --run tar'
AR='ar'
AUTOCONF='${SHELL} /home/berendt/Downloads/libg15-1.2.7/config/missing --run autoconf'
AUTOHEADER='${SHELL} /home/berendt/Downloads/libg15-1.2.7/config/missing --run autoheader'
AUTOMAKE='${SHELL} /home/berendt/Downloads/libg15-1.2.7/config/missing --run automake-1.10'
AWK='gawk'
CC='gcc'
CCDEPMODE='depmode=gcc3'
CFLAGS='-g -O2'
CPP='gcc -E'
CPPFLAGS=''
CXX='g++'
CXXCPP=''
CXXDEPMODE='depmode=none'
CXXFLAGS=''
CYGPATH_W='echo'
DEFS='-DHAVE_CONFIG_H'
DEPDIR='.deps'
DSYMUTIL=''
ECHO='echo'
ECHO_C=''
ECHO_N='-n'
ECHO_T=''
EGREP='/bin/grep -E'
EXEEXT=''
F77=''
FFLAGS=''
GREP='/bin/grep'
INSTALL_DATA='${INSTALL} -m 644'
INSTALL_PROGRAM='${INSTALL}'
INSTALL_SCRIPT='${INSTALL}'
INSTALL_STRIP_PROGRAM='$(install_sh) -c -s'
LDFLAGS=''
LIBOBJS=''
LIBS='-lusb '
LIBTOOL='$(SHELL) $(top_builddir)/libtool'
LN_S='ln -s'
LTLIBOBJS=''
MAKEINFO='${SHELL} /home/berendt/Downloads/libg15-1.2.7/config/missing --run makeinfo'
NMEDIT=''
OBJEXT='o'
PACKAGE='libg15'
PACKAGE_BUGREPORT='mlampard@users.sourceforge.net'
PACKAGE_NAME='libg15'
PACKAGE_STRING='libg15 1.2.7'
PACKAGE_TARNAME='libg15'
PACKAGE_VERSION='1.2.7'
PATH_SEPARATOR=':'
RANLIB='ranlib'
SED='/bin/sed'
SET_MAKE=''
SHELL='/bin/sh'
STRIP='strip'
VERSION='1.2.7'
ac_ct_CC='gcc'
ac_ct_CXX=''
ac_ct_F77=''
am__fastdepCC_FALSE='#'
am__fastdepCC_TRUE=''
am__fastdepCXX_FALSE=''
am__fastdepCXX_TRUE='#'
am__include='include'
am__isrc=''
am__leading_dot='.'
am__quote=''
am__tar='${AMTAR} chof - "$$tardir"'
am__untar='${AMTAR} xf -'
bindir='${exec_prefix}/bin'
build='x86_64-unknown-linux-gnu'
build_alias=''
build_cpu='x86_64'
build_os='linux-gnu'
build_vendor='unknown'
datadir='${datarootdir}'
datarootdir='${prefix}/share'
docdir='${datarootdir}/doc/${PACKAGE_TARNAME}'
dvidir='${docdir}'
exec_prefix='${prefix}'
host='x86_64-unknown-linux-gnu'
host_alias=''
host_cpu='x86_64'
host_os='linux-gnu'
host_vendor='unknown'
htmldir='${docdir}'
includedir='${prefix}/include'
infodir='${datarootdir}/info'
install_sh='$(SHELL) /home/berendt/Downloads/libg15-1.2.7/config/install-sh'
libdir='${exec_prefix}/lib64'
libexecdir='${exec_prefix}/libexec'
localedir='${datarootdir}/locale'
localstatedir='/var'
mandir='${datarootdir}/man'
mkdir_p='/bin/mkdir -p'
oldincludedir='/usr/include'
pdfdir='${docdir}'
prefix='/usr'
program_transform_name='s,x,x,'
psdir='${docdir}'
sbindir='${exec_prefix}/sbin'
sharedstatedir='/var'
sysconfdir='/etc'
target='x86_64-unknown-linux-gnu'
target_alias=''
target_cpu='x86_64'
target_os='linux-gnu'
target_vendor='unknown'

## ----------- ##
## confdefs.h. ##
## ----------- ##

#define PACKAGE_NAME "libg15"
#define PACKAGE_TARNAME "libg15"
#define PACKAGE_VERSION "1.2.7"
#define PACKAGE_STRING "libg15 1.2.7"
#define PACKAGE_BUGREPORT "mlampard@users.sourceforge.net"
#define PACKAGE "libg15"
#define VERSION "1.2.7"
#define STDC_HEADERS 1
#define HAVE_SYS_TYPES_H 1
#define HAVE_SYS_STAT_H 1
#define HAVE_STDLIB_H 1
#define HAVE_STRING_H 1
#define HAVE_MEMORY_H 1
#define HAVE_STRINGS_H 1
#define HAVE_INTTYPES_H 1
#define HAVE_STDINT_H 1
#define HAVE_UNISTD_H 1
#define HAVE_DLFCN_H 1
#define OSTYPE_LINUX 1
#define HAVE_LIBUSB 1
#define STDC_HEADERS 1
#define HAVE_STRING_H 1
#define HAVE_USB_H 1
#define HAVE_MEMSET 1

configure: exit 0
