This file contains any messages produced by compilers while
running configure, to aid debugging if configure makes a mistake.

It was created by libg15render configure 1.2, which was
generated by GNU Autoconf 2.60.  Invocation command line was

  $ ./configure --prefix=/usr

## --------- ##
## Platform. ##
## --------- ##

hostname = sauerkraut.site
uname -m = x86_64
uname -r = 3.17.7-300.fc21.x86_64
uname -s = Linux
uname -v = #1 SMP Wed Dec 17 03:08:44 UTC 2014

/usr/bin/uname -p = x86_64
/bin/uname -X     = unknown

/bin/arch              = x86_64
/usr/bin/arch -k       = unknown
/usr/convex/getsysinfo = unknown
/usr/bin/hostinfo      = unknown
/bin/machine           = unknown
/usr/bin/oslevel       = unknown
/bin/universe          = unknown

PATH: /sbin
PATH: /bin
PATH: /usr/sbin
PATH: /usr/bin


## ----------- ##
## Core tests. ##
## ----------- ##

configure:1812: loading site script /usr/share/config.site
| # This is the config.site file to satisfy FHS defaults when installing below
| # /usr.
| #
| # You may override this file by your config.site using the CONFIG_SITE env
| # variable.
| #
| # Note: This file includes also RHEL/Fedora fix for installing libraries into
| # "/lib/lib64" on 64bit systems.
| 
| if test -n "$host"; then
|     # skip when cross-compiling
|     return 0
| fi
| 
| if test "$prefix" = /usr; then
|     test "$sysconfdir" = '${prefix}/etc' && sysconfdir=/etc
|     test "$sharedstatedir" = '${prefix}/com' && sharedstatedir=/var
|     test "$localstatedir" = '${prefix}/var' && localstatedir=/var
| 
|     ARCH=`uname -m`
|     for i in x86_64 ppc64 s390x aarch64; do
|         if test $ARCH = $i; then
|             test "$libdir" = '${exec_prefix}/lib' && libdir='${exec_prefix}/lib64'
|             break
|         fi
|     done
| fi
configure:1961: checking for a BSD-compatible install
configure:2017: result: /bin/install -c
configure:2028: checking whether build environment is sane
configure:2071: result: yes
configure:2136: checking for gawk
configure:2152: found /bin/gawk
configure:2163: result: gawk
configure:2174: checking whether make sets $(MAKE)
configure:2195: result: yes
configure:2432: checking for gcc
configure:2448: found /bin/gcc
configure:2459: result: gcc
configure:2697: checking for C compiler version
configure:2704: gcc --version >&5
gcc (GCC) 4.9.2 20141101 (Red Hat 4.9.2-1)
Copyright (C) 2014 Free Software Foundation, Inc.
This is free software; see the source for copying conditions.  There is NO
warranty; not even for MERCHANTABILITY or FITNESS FOR A PARTICULAR PURPOSE.

configure:2707: $? = 0
configure:2714: gcc -v >&5
Using built-in specs.
COLLECT_GCC=gcc
COLLECT_LTO_WRAPPER=/usr/libexec/gcc/x86_64-redhat-linux/4.9.2/lto-wrapper
Target: x86_64-redhat-linux
Configured with: ../configure --prefix=/usr --mandir=/usr/share/man --infodir=/usr/share/info --with-bugurl=http://bugzilla.redhat.com/bugzilla --enable-bootstrap --enable-shared --enable-threads=posix --enable-checking=release --enable-multilib --with-system-zlib --enable-__cxa_atexit --disable-libunwind-exceptions --enable-gnu-unique-object --enable-linker-build-id --with-linker-hash-style=gnu --enable-languages=c,c++,objc,obj-c++,fortran,ada,go,lto --enable-plugin --enable-initfini-array --disable-libgcj --with-isl=/builddir/build/BUILD/gcc-4.9.2-20141101/obj-x86_64-redhat-linux/isl-install --with-cloog=/builddir/build/BUILD/gcc-4.9.2-20141101/obj-x86_64-redhat-linux/cloog-install --enable-gnu-indirect-function --with-tune=generic --with-arch_32=i686 --build=x86_64-redhat-linux
Thread model: posix
gcc version 4.9.2 20141101 (Red Hat 4.9.2-1) (GCC) 
configure:2717: $? = 0
configure:2724: gcc -V >&5
gcc: error: unrecognized command line option '-V'
gcc: fatal error: no input files
compilation terminated.
configure:2727: $? = 4
configure:2750: checking for C compiler default output file name
configure:2777: gcc    conftest.c  >&5
configure:2780: $? = 0
configure:2826: result: a.out
configure:2831: checking whether the C compiler works
configure:2841: ./a.out
configure:2844: $? = 0
configure:2861: result: yes
configure:2868: checking whether we are cross compiling
configure:2870: result: no
configure:2873: checking for suffix of executables
configure:2880: gcc -o conftest    conftest.c  >&5
configure:2883: $? = 0
configure:2907: result: 
configure:2913: checking for suffix of object files
configure:2939: gcc -c   conftest.c >&5
configure:2942: $? = 0
configure:2965: result: o
configure:2969: checking whether we are using the GNU C compiler
configure:2998: gcc -c   conftest.c >&5
configure:3004: $? = 0
configure:3011: test -z "$ac_c_werror_flag" || test ! -s conftest.err
configure:3014: $? = 0
configure:3021: test -s conftest.o
configure:3024: $? = 0
configure:3038: result: yes
configure:3043: checking whether gcc accepts -g
configure:3073: gcc -c -g  conftest.c >&5
configure:3079: $? = 0
configure:3086: test -z "$ac_c_werror_flag" || test ! -s conftest.err
configure:3089: $? = 0
configure:3096: test -s conftest.o
configure:3099: $? = 0
configure:3229: result: yes
configure:3246: checking for gcc option to accept ISO C89
configure:3320: gcc  -c -g -O2  conftest.c >&5
configure:3326: $? = 0
configure:3333: test -z "$ac_c_werror_flag" || test ! -s conftest.err
configure:3336: $? = 0
configure:3343: test -s conftest.o
configure:3346: $? = 0
configure:3366: result: none needed
configure:3395: checking for style of include used by make
configure:3423: result: GNU
configure:3451: checking dependency style of gcc
configure:3541: result: gcc3
configure:3636: checking build system type
configure:3654: result: x86_64-unknown-linux-gnu
configure:3676: checking host system type
configure:3691: result: x86_64-unknown-linux-gnu
configure:3713: checking for a sed that does not truncate output
configure:3767: result: /bin/sed
configure:3770: checking for grep that handles long lines and -e
configure:3844: result: /bin/grep
configure:3849: checking for egrep
configure:3927: result: /bin/grep -E
configure:3943: checking for ld used by gcc
configure:4010: result: /bin/ld
configure:4019: checking if the linker (/bin/ld) is GNU ld
configure:4034: result: yes
configure:4039: checking for /bin/ld option to reload object files
configure:4046: result: -r
configure:4064: checking for BSD-compatible nm
configure:4113: result: /bin/nm -B
configure:4117: checking whether ln -s works
configure:4121: result: yes
configure:4128: checking how to recognise dependent libraries
configure:4304: result: pass_all
configure:4392: gcc -c -g -O2  conftest.c >&5
configure:4395: $? = 0
configure:4554: checking how to run the C preprocessor
configure:4594: gcc -E  conftest.c
configure:4600: $? = 0
configure:4638: gcc -E  conftest.c
conftest.c:10:28: fatal error: ac_nonexistent.h: No such file or directory
 #include <ac_nonexistent.h>
                            ^
compilation terminated.
configure:4644: $? = 1
configure: failed program was:
| /* confdefs.h.  */
| #define PACKAGE_NAME "libg15render"
| #define PACKAGE_TARNAME "libg15render"
| #define PACKAGE_VERSION "1.2"
| #define PACKAGE_STRING "libg15render 1.2"
| #define PACKAGE_BUGREPORT "mirabeaj@gmail.com"
| #define PACKAGE "libg15render"
| #define VERSION "1.2"
| /* end confdefs.h.  */
| #include <ac_nonexistent.h>
configure:4684: result: gcc -E
configure:4713: gcc -E  conftest.c
configure:4719: $? = 0
configure:4757: gcc -E  conftest.c
conftest.c:10:28: fatal error: ac_nonexistent.h: No such file or directory
 #include <ac_nonexistent.h>
                            ^
compilation terminated.
configure:4763: $? = 1
configure: failed program was:
| /* confdefs.h.  */
| #define PACKAGE_NAME "libg15render"
| #define PACKAGE_TARNAME "libg15render"
| #define PACKAGE_VERSION "1.2"
| #define PACKAGE_STRING "libg15render 1.2"
| #define PACKAGE_BUGREPORT "mirabeaj@gmail.com"
| #define PACKAGE "libg15render"
| #define VERSION "1.2"
| /* end confdefs.h.  */
| #include <ac_nonexistent.h>
configure:4808: checking for ANSI C header files
configure:4838: gcc -c -g -O2  conftest.c >&5
configure:4844: $? = 0
configure:4851: test -z "$ac_c_werror_flag" || test ! -s conftest.err
configure:4854: $? = 0
configure:4861: test -s conftest.o
configure:4864: $? = 0
configure:4960: gcc -o conftest -g -O2   conftest.c  >&5
configure:4963: $? = 0
configure:4969: ./conftest
configure:4972: $? = 0
configure:4989: result: yes
configure:5013: checking for sys/types.h
configure:5034: gcc -c -g -O2  conftest.c >&5
configure:5040: $? = 0
configure:5047: test -z "$ac_c_werror_flag" || test ! -s conftest.err
configure:5050: $? = 0
configure:5057: test -s conftest.o
configure:5060: $? = 0
configure:5073: result: yes
configure:5013: checking for sys/stat.h
configure:5034: gcc -c -g -O2  conftest.c >&5
configure:5040: $? = 0
configure:5047: test -z "$ac_c_werror_flag" || test ! -s conftest.err
configure:5050: $? = 0
configure:5057: test -s conftest.o
configure:5060: $? = 0
configure:5073: result: yes
configure:5013: checking for stdlib.h
configure:5034: gcc -c -g -O2  conftest.c >&5
configure:5040: $? = 0
configure:5047: test -z "$ac_c_werror_flag" || test ! -s conftest.err
configure:5050: $? = 0
configure:5057: test -s conftest.o
configure:5060: $? = 0
configure:5073: result: yes
configure:5013: checking for string.h
configure:5034: gcc -c -g -O2  conftest.c >&5
configure:5040: $? = 0
configure:5047: test -z "$ac_c_werror_flag" || test ! -s conftest.err
configure:5050: $? = 0
configure:5057: test -s conftest.o
configure:5060: $? = 0
configure:5073: result: yes
configure:5013: checking for memory.h
configure:5034: gcc -c -g -O2  conftest.c >&5
configure:5040: $? = 0
configure:5047: test -z "$ac_c_werror_flag" || test ! -s conftest.err
configure:5050: $? = 0
configure:5057: test -s conftest.o
configure:5060: $? = 0
configure:5073: result: yes
configure:5013: checking for strings.h
configure:5034: gcc -c -g -O2  conftest.c >&5
configure:5040: $? = 0
configure:5047: test -z "$ac_c_werror_flag" || test ! -s conftest.err
configure:5050: $? = 0
configure:5057: test -s conftest.o
configure:5060: $? = 0
configure:5073: result: yes
configure:5013: checking for inttypes.h
configure:5034: gcc -c -g -O2  conftest.c >&5
configure:5040: $? = 0
configure:5047: test -z "$ac_c_werror_flag" || test ! -s conftest.err
configure:5050: $? = 0
configure:5057: test -s conftest.o
configure:5060: $? = 0
configure:5073: result: yes
configure:5013: checking for stdint.h
configure:5034: gcc -c -g -O2  conftest.c >&5
configure:5040: $? = 0
configure:5047: test -z "$ac_c_werror_flag" || test ! -s conftest.err
configure:5050: $? = 0
configure:5057: test -s conftest.o
configure:5060: $? = 0
configure:5073: result: yes
configure:5013: checking for unistd.h
configure:5034: gcc -c -g -O2  conftest.c >&5
configure:5040: $? = 0
configure:5047: test -z "$ac_c_werror_flag" || test ! -s conftest.err
configure:5050: $? = 0
configure:5057: test -s conftest.o
configure:5060: $? = 0
configure:5073: result: yes
configure:5100: checking dlfcn.h usability
configure:5117: gcc -c -g -O2  conftest.c >&5
configure:5123: $? = 0
configure:5130: test -z "$ac_c_werror_flag" || test ! -s conftest.err
configure:5133: $? = 0
configure:5140: test -s conftest.o
configure:5143: $? = 0
configure:5154: result: yes
configure:5158: checking dlfcn.h presence
configure:5173: gcc -E  conftest.c
configure:5179: $? = 0
configure:5200: result: yes
configure:5233: checking for dlfcn.h
configure:5241: result: yes
configure:5312: checking for g++
configure:5342: result: no
configure:5312: checking for c++
configure:5342: result: no
configure:5312: checking for gpp
configure:5342: result: no
configure:5312: checking for aCC
configure:5342: result: no
configure:5312: checking for CC
configure:5342: result: no
configure:5312: checking for cxx
configure:5342: result: no
configure:5312: checking for cc++
configure:5342: result: no
configure:5312: checking for cl.exe
configure:5342: result: no
configure:5312: checking for FCC
configure:5342: result: no
configure:5312: checking for KCC
configure:5342: result: no
configure:5312: checking for RCC
configure:5342: result: no
configure:5312: checking for xlC_r
configure:5342: result: no
configure:5312: checking for xlC
configure:5342: result: no
configure:5370: checking for C++ compiler version
configure:5377: g++ --version >&5
./configure: line 5378: g++: command not found
configure:5380: $? = 127
configure:5387: g++ -v >&5
./configure: line 5388: g++: command not found
configure:5390: $? = 127
configure:5397: g++ -V >&5
./configure: line 5398: g++: command not found
configure:5400: $? = 127
configure:5403: checking whether we are using the GNU C++ compiler
configure:5432: g++ -c   conftest.cpp >&5
./configure: line 5433: g++: command not found
configure:5438: $? = 127
configure: failed program was:
| /* confdefs.h.  */
| #define PACKAGE_NAME "libg15render"
| #define PACKAGE_TARNAME "libg15render"
| #define PACKAGE_VERSION "1.2"
| #define PACKAGE_STRING "libg15render 1.2"
| #define PACKAGE_BUGREPORT "mirabeaj@gmail.com"
| #define PACKAGE "libg15render"
| #define VERSION "1.2"
| #define STDC_HEADERS 1
| #define HAVE_SYS_TYPES_H 1
| #define HAVE_SYS_STAT_H 1
| #define HAVE_STDLIB_H 1
| #define HAVE_STRING_H 1
| #define HAVE_MEMORY_H 1
| #define HAVE_STRINGS_H 1
| #define HAVE_INTTYPES_H 1
| #define HAVE_STDINT_H 1
| #define HAVE_UNISTD_H 1
| #define HAVE_DLFCN_H 1
| /* end confdefs.h.  */
| 
| int
| main ()
| {
| #ifndef __GNUC__
|        choke me
| #endif
| 
|   ;
|   return 0;
| }
configure:5472: result: no
configure:5477: checking whether g++ accepts -g
configure:5507: g++ -c -g  conftest.cpp >&5
./configure: line 5508: g++: command not found
configure:5513: $? = 127
configure: failed program was:
| /* confdefs.h.  */
| #define PACKAGE_NAME "libg15render"
| #define PACKAGE_TARNAME "libg15render"
| #define PACKAGE_VERSION "1.2"
| #define PACKAGE_STRING "libg15render 1.2"
| #define PACKAGE_BUGREPORT "mirabeaj@gmail.com"
| #define PACKAGE "libg15render"
| #define VERSION "1.2"
| #define STDC_HEADERS 1
| #define HAVE_SYS_TYPES_H 1
| #define HAVE_SYS_STAT_H 1
| #define HAVE_STDLIB_H 1
| #define HAVE_STRING_H 1
| #define HAVE_MEMORY_H 1
| #define HAVE_STRINGS_H 1
| #define HAVE_INTTYPES_H 1
| #define HAVE_STDINT_H 1
| #define HAVE_UNISTD_H 1
| #define HAVE_DLFCN_H 1
| /* end confdefs.h.  */
| 
| int
| main ()
| {
| 
|   ;
|   return 0;
| }
configure:5562: g++ -c   conftest.cpp >&5
./configure: line 5563: g++: command not found
configure:5568: $? = 127
configure: failed program was:
| /* confdefs.h.  */
| #define PACKAGE_NAME "libg15render"
| #define PACKAGE_TARNAME "libg15render"
| #define PACKAGE_VERSION "1.2"
| #define PACKAGE_STRING "libg15render 1.2"
| #define PACKAGE_BUGREPORT "mirabeaj@gmail.com"
| #define PACKAGE "libg15render"
| #define VERSION "1.2"
| #define STDC_HEADERS 1
| #define HAVE_SYS_TYPES_H 1
| #define HAVE_SYS_STAT_H 1
| #define HAVE_STDLIB_H 1
| #define HAVE_STRING_H 1
| #define HAVE_MEMORY_H 1
| #define HAVE_STRINGS_H 1
| #define HAVE_INTTYPES_H 1
| #define HAVE_STDINT_H 1
| #define HAVE_UNISTD_H 1
| #define HAVE_DLFCN_H 1
| /* end confdefs.h.  */
| 
| int
| main ()
| {
| 
|   ;
|   return 0;
| }
configure:5618: g++ -c -g  conftest.cpp >&5
./configure: line 5619: g++: command not found
configure:5624: $? = 127
configure: failed program was:
| /* confdefs.h.  */
| #define PACKAGE_NAME "libg15render"
| #define PACKAGE_TARNAME "libg15render"
| #define PACKAGE_VERSION "1.2"
| #define PACKAGE_STRING "libg15render 1.2"
| #define PACKAGE_BUGREPORT "mirabeaj@gmail.com"
| #define PACKAGE "libg15render"
| #define VERSION "1.2"
| #define STDC_HEADERS 1
| #define HAVE_SYS_TYPES_H 1
| #define HAVE_SYS_STAT_H 1
| #define HAVE_STDLIB_H 1
| #define HAVE_STRING_H 1
| #define HAVE_MEMORY_H 1
| #define HAVE_STRINGS_H 1
| #define HAVE_INTTYPES_H 1
| #define HAVE_STDINT_H 1
| #define HAVE_UNISTD_H 1
| #define HAVE_DLFCN_H 1
| /* end confdefs.h.  */
| 
| int
| main ()
| {
| 
|   ;
|   return 0;
| }
configure:5663: result: no
configure:5688: checking dependency style of g++
configure:5778: result: none
configure:6110: checking for g77
configure:6140: result: no
configure:6110: checking for f77
configure:6140: result: no
configure:6110: checking for xlf
configure:6140: result: no
configure:6110: checking for frt
configure:6140: result: no
configure:6110: checking for pgf77
configure:6140: result: no
configure:6110: checking for cf77
configure:6140: result: no
configure:6110: checking for fort77
configure:6140: result: no
configure:6110: checking for fl32
configure:6140: result: no
configure:6110: checking for af77
configure:6140: result: no
configure:6110: checking for f90
configure:6140: result: no
configure:6110: checking for xlf90
configure:6140: result: no
configure:6110: checking for pgf90
configure:6140: result: no
configure:6110: checking for pghpf
configure:6140: result: no
configure:6110: checking for epcf90
configure:6140: result: no
configure:6110: checking for gfortran
configure:6140: result: no
configure:6110: checking for g95
configure:6140: result: no
configure:6110: checking for f95
configure:6140: result: no
configure:6110: checking for fort
configure:6140: result: no
configure:6110: checking for xlf95
configure:6140: result: no
configure:6110: checking for ifort
configure:6140: result: no
configure:6110: checking for ifc
configure:6140: result: no
configure:6110: checking for efc
configure:6140: result: no
configure:6110: checking for pgf95
configure:6140: result: no
configure:6110: checking for lf95
configure:6140: result: no
configure:6110: checking for ftn
configure:6140: result: no
configure:6167: checking for Fortran 77 compiler version
configure:6174:  --version >&5
./configure: line 6175: --version: command not found
configure:6177: $? = 127
configure:6184:  -v >&5
./configure: line 6185: -v: command not found
configure:6187: $? = 127
configure:6194:  -V >&5
./configure: line 6195: -V: command not found
configure:6197: $? = 127
configure:6205: checking whether we are using the GNU Fortran 77 compiler
configure:6224:  -c  conftest.F >&5
./configure: line 6225: -c: command not found
configure:6230: $? = 127
configure: failed program was:
|       program main
| #ifndef __GNUC__
|        choke me
| #endif
| 
|       end
configure:6264: result: no
configure:6270: checking whether  accepts -g
configure:6287:  -c -g conftest.f >&5
./configure: line 6288: -c: command not found
configure:6293: $? = 127
configure: failed program was:
|       program main
| 
|       end
configure:6326: result: no
configure:6356: checking the maximum length of command line arguments
configure:6465: result: 32768
configure:6476: checking command to parse /bin/nm -B output from gcc object
configure:6581: gcc -c -g -O2  conftest.c >&5
configure:6584: $? = 0
configure:6588: /bin/nm -B conftest.o \| sed -n -e 's/^.*[ 	]\([ABCDGIRSTW][ABCDGIRSTW]*\)[ 	][ 	]*\([_A-Za-z][_A-Za-z0-9]*\)$/\1 \2 \2/p' \> conftest.nm
configure:6591: $? = 0
configure:6643: gcc -o conftest -g -O2   conftest.c conftstm.o >&5
configure:6646: $? = 0
configure:6684: result: ok
configure:6688: checking for objdir
configure:6703: result: .libs
configure:6795: checking for ar
configure:6811: found /bin/ar
configure:6822: result: ar
configure:6891: checking for ranlib
configure:6907: found /bin/ranlib
configure:6918: result: ranlib
configure:6987: checking for strip
configure:7003: found /bin/strip
configure:7014: result: strip
configure:7251: checking for correct ltmain.sh version
configure:7301: result: yes
configure:7361: checking if gcc supports -fno-rtti -fno-exceptions
configure:7379: gcc -c -g -O2  -fno-rtti -fno-exceptions conftest.c >&5
cc1: warning: command line option '-fno-rtti' is valid for C++/ObjC++ but not for C
configure:7383: $? = 0
configure:7396: result: no
configure:7411: checking for gcc option to produce PIC
configure:7621: result: -fPIC
configure:7629: checking if gcc PIC flag -fPIC works
configure:7647: gcc -c -g -O2  -fPIC -DPIC conftest.c >&5
configure:7651: $? = 0
configure:7664: result: yes
configure:7692: checking if gcc static flag -static works
configure:7720: result: no
configure:7730: checking if gcc supports -c -o file.o
configure:7751: gcc -c -g -O2  -o out/conftest2.o conftest.c >&5
configure:7755: $? = 0
configure:7777: result: yes
configure:7803: checking whether the gcc linker (/bin/ld -m elf_x86_64) supports shared libraries
configure:8789: result: yes
configure:8810: checking whether -lc should be explicitly linked in
configure:8815: gcc -c -g -O2  conftest.c >&5
configure:8818: $? = 0
configure:8833: gcc -shared conftest.o  -v -Wl,-soname -Wl,conftest -o conftest 2\>\&1 \| grep  -lc  \>/dev/null 2\>\&1
configure:8836: $? = 0
configure:8848: result: no
configure:8856: checking dynamic linker characteristics
configure:9481: result: GNU/Linux ld.so
configure:9490: checking how to hardcode library paths into programs
configure:9515: result: immediate
configure:9529: checking whether stripping libraries is possible
configure:9534: result: yes
configure:10447: checking if libtool supports shared libraries
configure:10449: result: yes
configure:10452: checking whether to build shared libraries
configure:10473: result: yes
configure:10476: checking whether to build static libraries
configure:10480: result: yes
configure:10572: creating libtool
configure:19895: checking whether to enable FreeType2 support
configure:19916: result: no
configure:19921: checking for writePixmapToLCD in -lg15
configure:19956: gcc -o conftest -g -O2   conftest.c -lg15   >&5
configure:19962: $? = 0
configure:19969: test -z "$ac_c_werror_flag" || test ! -s conftest.err
configure:19972: $? = 0
configure:19979: test -s conftest
configure:19982: $? = 0
configure:19996: result: yes
configure:20012: checking for ceil in -lm
configure:20047: gcc -o conftest -g -O2   conftest.c -lm  -lg15  >&5
conftest.c:29:6: warning: conflicting types for built-in function 'ceil'
 char ceil ();
      ^
configure:20053: $? = 0
configure:20060: test -z "$ac_c_werror_flag" || test ! -s conftest.err
configure:20063: $? = 0
configure:20070: test -s conftest
configure:20073: $? = 0
configure:20087: result: yes
configure:20104: checking for an ANSI C-conforming const
configure:20179: gcc -c -g -O2  conftest.c >&5
configure:20185: $? = 0
configure:20192: test -z "$ac_c_werror_flag" || test ! -s conftest.err
configure:20195: $? = 0
configure:20202: test -s conftest.o
configure:20205: $? = 0
configure:20217: result: yes
configure:20229: checking for ANSI C header files
configure:20410: result: yes
configure:20426: checking for string.h
configure:20432: result: yes
configure:20436: checking ft2build.h usability
configure:20453: gcc -c -g -O2  conftest.c >&5
conftest.c:58:22: fatal error: ft2build.h: No such file or directory
 #include <ft2build.h>
                      ^
compilation terminated.
configure:20459: $? = 1
configure: failed program was:
| /* confdefs.h.  */
| #define PACKAGE_NAME "libg15render"
| #define PACKAGE_TARNAME "libg15render"
| #define PACKAGE_VERSION "1.2"
| #define PACKAGE_STRING "libg15render 1.2"
| #define PACKAGE_BUGREPORT "mirabeaj@gmail.com"
| #define PACKAGE "libg15render"
| #define VERSION "1.2"
| #define STDC_HEADERS 1
| #define HAVE_SYS_TYPES_H 1
| #define HAVE_SYS_STAT_H 1
| #define HAVE_STDLIB_H 1
| #define HAVE_STRING_H 1
| #define HAVE_MEMORY_H 1
| #define HAVE_STRINGS_H 1
| #define HAVE_INTTYPES_H 1
| #define HAVE_STDINT_H 1
| #define HAVE_UNISTD_H 1
| #define HAVE_DLFCN_H 1
| #define HAVE_LIBG15 1
| #define HAVE_LIBM 1
| #define STDC_HEADERS 1
| #define HAVE_STRING_H 1
| /* end confdefs.h.  */
| #include <stdio.h>
| #if HAVE_SYS_TYPES_H
| # include <sys/types.h>
| #endif
| #if HAVE_SYS_STAT_H
| # include <sys/stat.h>
| #endif
| #if STDC_HEADERS
| # include <stdlib.h>
| # include <stddef.h>
| #else
| # if HAVE_STDLIB_H
| #  include <stdlib.h>
| # endif
| #endif
| #if HAVE_STRING_H
| # if !STDC_HEADERS && HAVE_MEMORY_H
| #  include <memory.h>
| # endif
| # include <string.h>
| #endif
| #if HAVE_STRINGS_H
| # include <strings.h>
| #endif
| #if HAVE_INTTYPES_H
| # include <inttypes.h>
| #endif
| #if HAVE_STDINT_H
| # include <stdint.h>
| #endif
| #if HAVE_UNISTD_H
| # include <unistd.h>
| #endif
| #include <ft2build.h>
configure:20490: result: no
configure:20494: checking ft2build.h presence
configure:20509: gcc -E  conftest.c
conftest.c:25:22: fatal error: ft2build.h: No such file or directory
 #include <ft2build.h>
                      ^
compilation terminated.
configure:20515: $? = 1
configure: failed program was:
| /* confdefs.h.  */
| #define PACKAGE_NAME "libg15render"
| #define PACKAGE_TARNAME "libg15render"
| #define PACKAGE_VERSION "1.2"
| #define PACKAGE_STRING "libg15render 1.2"
| #define PACKAGE_BUGREPORT "mirabeaj@gmail.com"
| #define PACKAGE "libg15render"
| #define VERSION "1.2"
| #define STDC_HEADERS 1
| #define HAVE_SYS_TYPES_H 1
| #define HAVE_SYS_STAT_H 1
| #define HAVE_STDLIB_H 1
| #define HAVE_STRING_H 1
| #define HAVE_MEMORY_H 1
| #define HAVE_STRINGS_H 1
| #define HAVE_INTTYPES_H 1
| #define HAVE_STDINT_H 1
| #define HAVE_UNISTD_H 1
| #define HAVE_DLFCN_H 1
| #define HAVE_LIBG15 1
| #define HAVE_LIBM 1
| #define STDC_HEADERS 1
| #define HAVE_STRING_H 1
| /* end confdefs.h.  */
| #include <ft2build.h>
configure:20536: result: no
configure:20569: checking for ft2build.h
configure:20577: result: no
configure:20592: checking for ANSI C header files
configure:20773: result: yes
configure:20787: checking for memset
configure:20843: gcc -o conftest -g -O2   conftest.c -lm -lg15  >&5
conftest.c:49:6: warning: conflicting types for built-in function 'memset'
 char memset ();
      ^
configure:20849: $? = 0
configure:20856: test -z "$ac_c_werror_flag" || test ! -s conftest.err
configure:20859: $? = 0
configure:20866: test -s conftest
configure:20869: $? = 0
configure:20883: result: yes
configure:21018: creating ./config.status

## ---------------------- ##
## Running config.status. ##
## ---------------------- ##

This file was extended by libg15render config.status 1.2, which was
generated by GNU Autoconf 2.60.  Invocation command line was

  CONFIG_FILES    = 
  CONFIG_HEADERS  = 
  CONFIG_LINKS    = 
  CONFIG_COMMANDS = 
  $ ./config.status 

on sauerkraut.site

config.status:647: creating Makefile
config.status:647: creating config.h
config.status:874: config.h is unchanged
config.status:920: executing depfiles commands

## ---------------- ##
## Cache variables. ##
## ---------------- ##

ac_cv_build=x86_64-unknown-linux-gnu
ac_cv_c_compiler_gnu=yes
ac_cv_c_const=yes
ac_cv_cxx_compiler_gnu=no
ac_cv_env_CCC_set=
ac_cv_env_CCC_value=
ac_cv_env_CC_set=
ac_cv_env_CC_value=
ac_cv_env_CFLAGS_set=
ac_cv_env_CFLAGS_value=
ac_cv_env_CPPFLAGS_set=
ac_cv_env_CPPFLAGS_value=
ac_cv_env_CPP_set=
ac_cv_env_CPP_value=
ac_cv_env_CXXCPP_set=
ac_cv_env_CXXCPP_value=
ac_cv_env_CXXFLAGS_set=
ac_cv_env_CXXFLAGS_value=
ac_cv_env_CXX_set=
ac_cv_env_CXX_value=
ac_cv_env_F77_set=
ac_cv_env_F77_value=
ac_cv_env_FFLAGS_set=
ac_cv_env_FFLAGS_value=
ac_cv_env_LDFLAGS_set=
ac_cv_env_LDFLAGS_value=
ac_cv_env_build_alias_set=
ac_cv_env_build_alias_value=
ac_cv_env_host_alias_set=
ac_cv_env_host_alias_value=
ac_cv_env_target_alias_set=
ac_cv_env_target_alias_value=
ac_cv_f77_compiler_gnu=no
ac_cv_func_memset=yes
ac_cv_header_dlfcn_h=yes
ac_cv_header_ft2build_h=no
ac_cv_header_inttypes_h=yes
ac_cv_header_memory_h=yes
ac_cv_header_stdc=yes
ac_cv_header_stdint_h=yes
ac_cv_header_stdlib_h=yes
ac_cv_header_string_h=yes
ac_cv_header_strings_h=yes
ac_cv_header_sys_stat_h=yes
ac_cv_header_sys_types_h=yes
ac_cv_header_unistd_h=yes
ac_cv_host=x86_64-unknown-linux-gnu
ac_cv_lib_g15_writePixmapToLCD=yes
ac_cv_lib_m_ceil=yes
ac_cv_objext=o
ac_cv_path_EGREP='/bin/grep -E'
ac_cv_path_GREP=/bin/grep
ac_cv_path_install='/bin/install -c'
ac_cv_prog_AWK=gawk
ac_cv_prog_CPP='gcc -E'
ac_cv_prog_ac_ct_AR=ar
ac_cv_prog_ac_ct_CC=gcc
ac_cv_prog_ac_ct_RANLIB=ranlib
ac_cv_prog_ac_ct_STRIP=strip
ac_cv_prog_cc_c89=
ac_cv_prog_cc_g=yes
ac_cv_prog_cxx_g=no
ac_cv_prog_f77_g=no
ac_cv_prog_make_make_set=yes
am_cv_CC_dependencies_compiler_type=gcc3
am_cv_CXX_dependencies_compiler_type=none
lt_cv_deplibs_check_method=pass_all
lt_cv_file_magic_cmd='$MAGIC_CMD'
lt_cv_file_magic_test_file=
lt_cv_ld_reload_flag=-r
lt_cv_objdir=.libs
lt_cv_path_LD=/bin/ld
lt_cv_path_NM='/bin/nm -B'
lt_cv_path_SED=/bin/sed
lt_cv_prog_compiler_c_o=yes
lt_cv_prog_compiler_rtti_exceptions=no
lt_cv_prog_gnu_ld=yes
lt_cv_sys_global_symbol_pipe='sed -n -e '\''s/^.*[ 	]\([ABCDGIRSTW][ABCDGIRSTW]*\)[ 	][ 	]*\([_A-Za-z][_A-Za-z0-9]*\)$/\1 \2 \2/p'\'''
lt_cv_sys_global_symbol_to_c_name_address='sed -n -e '\''s/^: \([^ ]*\) $/  {\"\1\", (lt_ptr) 0},/p'\'' -e '\''s/^[BCDEGRST] \([^ ]*\) \([^ ]*\)$/  {"\2", (lt_ptr) \&\2},/p'\'''
lt_cv_sys_global_symbol_to_cdecl='sed -n -e '\''s/^. .* \(.*\)$/extern int \1;/p'\'''
lt_cv_sys_max_cmd_len=32768
lt_lt_cv_prog_compiler_c_o='"yes"'
lt_lt_cv_sys_global_symbol_pipe='"sed -n -e '\''s/^.*[ 	]\\([ABCDGIRSTW][ABCDGIRSTW]*\\)[ 	][ 	]*\\([_A-Za-z][_A-Za-z0-9]*\\)\$/\\1 \\2 \\2/p'\''"'
lt_lt_cv_sys_global_symbol_to_c_name_address='"sed -n -e '\''s/^: \\([^ ]*\\) \$/  {\\\"\\1\\\", (lt_ptr) 0},/p'\'' -e '\''s/^[BCDEGRST] \\([^ ]*\\) \\([^ ]*\\)\$/  {\"\\2\", (lt_ptr) \\&\\2},/p'\''"'
lt_lt_cv_sys_global_symbol_to_cdecl='"sed -n -e '\''s/^. .* \\(.*\\)\$/extern int \\1;/p'\''"'

## ----------------- ##
## Output variables. ##
## ----------------- ##

ACLOCAL='${SHELL} /home/berendt/Downloads/libg15render-1.2/config/missing --run aclocal-1.9'
AMDEPBACKSLASH='\'
AMDEP_FALSE='#'
AMDEP_TRUE=''
AMTAR='${SHELL} /home/berendt/Downloads/libg15render-1.2/config/missing --run tar'
AR='ar'
AUTOCONF='${SHELL} /home/berendt/Downloads/libg15render-1.2/config/missing --run autoconf'
AUTOHEADER='${SHELL} /home/berendt/Downloads/libg15render-1.2/config/missing --run autoheader'
AUTOMAKE='${SHELL} /home/berendt/Downloads/libg15render-1.2/config/missing --run automake-1.9'
AWK='gawk'
CC='gcc'
CCDEPMODE='depmode=gcc3'
CFLAGS='-g -O2'
CPP='gcc -E'
CPPFLAGS=''
CXX='g++'
CXXCPP=''
CXXDEPMODE='depmode=none'
CXXFLAGS=''
CYGPATH_W='echo'
DEFS='-DHAVE_CONFIG_H'
DEPDIR='.deps'
ECHO='echo'
ECHO_C=''
ECHO_N='-n'
ECHO_T=''
EGREP='/bin/grep -E'
EXEEXT=''
F77=''
FFLAGS=''
FTLIB=''
GREP='/bin/grep'
INSTALL_DATA='${INSTALL} -m 644'
INSTALL_PROGRAM='${INSTALL}'
INSTALL_SCRIPT='${INSTALL}'
INSTALL_STRIP_PROGRAM='${SHELL} $(install_sh) -c -s'
LDFLAGS=''
LIBOBJS=''
LIBS='-lm -lg15 '
LIBTOOL='$(SHELL) $(top_builddir)/libtool'
LN_S='ln -s'
LTLIBOBJS=''
MAKEINFO='${SHELL} /home/berendt/Downloads/libg15render-1.2/config/missing --run makeinfo'
OBJEXT='o'
PACKAGE='libg15render'
PACKAGE_BUGREPORT='mirabeaj@gmail.com'
PACKAGE_NAME='libg15render'
PACKAGE_STRING='libg15render 1.2'
PACKAGE_TARNAME='libg15render'
PACKAGE_VERSION='1.2'
PATH_SEPARATOR=':'
RANLIB='ranlib'
SET_MAKE=''
SHELL='/bin/sh'
STRIP='strip'
VERSION='1.2'
ac_ct_CC='gcc'
ac_ct_CXX=''
ac_ct_F77=''
am__fastdepCC_FALSE='#'
am__fastdepCC_TRUE=''
am__fastdepCXX_FALSE=''
am__fastdepCXX_TRUE='#'
am__include='include'
am__leading_dot='.'
am__quote=''
am__tar='${AMTAR} chof - "$$tardir"'
am__untar='${AMTAR} xf -'
bindir='${exec_prefix}/bin'
build='x86_64-unknown-linux-gnu'
build_alias=''
build_cpu='x86_64'
build_os='linux-gnu'
build_vendor='unknown'
datadir='${datarootdir}'
datarootdir='${prefix}/share'
docdir='${datarootdir}/doc/${PACKAGE_TARNAME}'
dvidir='${docdir}'
exec_prefix='${prefix}'
host='x86_64-unknown-linux-gnu'
host_alias=''
host_cpu='x86_64'
host_os='linux-gnu'
host_vendor='unknown'
htmldir='${docdir}'
includedir='${prefix}/include'
infodir='${datarootdir}/info'
install_sh='/home/berendt/Downloads/libg15render-1.2/config/install-sh'
libdir='${exec_prefix}/lib64'
libexecdir='${exec_prefix}/libexec'
localedir='${datarootdir}/locale'
localstatedir='/var'
mandir='${datarootdir}/man'
mkdir_p='mkdir -p --'
oldincludedir='/usr/include'
pdfdir='${docdir}'
prefix='/usr'
program_transform_name='s,x,x,'
psdir='${docdir}'
sbindir='${exec_prefix}/sbin'
sharedstatedir='/var'
sysconfdir='/etc'
target_alias=''

## ----------- ##
## confdefs.h. ##
## ----------- ##

#define PACKAGE_NAME "libg15render"
#define PACKAGE_TARNAME "libg15render"
#define PACKAGE_VERSION "1.2"
#define PACKAGE_STRING "libg15render 1.2"
#define PACKAGE_BUGREPORT "mirabeaj@gmail.com"
#define PACKAGE "libg15render"
#define VERSION "1.2"
#define STDC_HEADERS 1
#define HAVE_SYS_TYPES_H 1
#define HAVE_SYS_STAT_H 1
#define HAVE_STDLIB_H 1
#define HAVE_STRING_H 1
#define HAVE_MEMORY_H 1
#define HAVE_STRINGS_H 1
#define HAVE_INTTYPES_H 1
#define HAVE_STDINT_H 1
#define HAVE_UNISTD_H 1
#define HAVE_DLFCN_H 1
#define HAVE_LIBG15 1
#define HAVE_LIBM 1
#define STDC_HEADERS 1
#define HAVE_STRING_H 1
#define STDC_HEADERS 1
#define HAVE_MEMSET 1

configure: exit 0
